Now setting these variables '@AMF_API_VERSION@ @AMF_FQDN@ @AMF_IPV4_ADDRESS@ @AMF_PORT@ @DEFAULT_DNS_IPV4_ADDRESS@ @DEFAULT_DNS_SEC_IPV4_ADDRESS@ @DISCOVER_UPF@ @INSTANCE@ @NRF_API_VERSION@ @NRF_FQDN@ @NRF_IPV4_ADDRESS@ @NRF_PORT@ @PID_DIRECTORY@ @REGISTER_NRF@ @SMF_API_VERSION@ @SMF_INTERFACE_HTTP2_PORT_FOR_SBI@ @SMF_INTERFACE_NAME_FOR_N4@ @SMF_INTERFACE_NAME_FOR_SBI@ @SMF_INTERFACE_PORT_FOR_SBI@ @UDM_API_VERSION@ @UDM_FQDN@ @UDM_IPV4_ADDRESS@ @UDM_PORT@ @UPF_FQDN_0@ @UPF_IPV4_ADDRESS@ @USE_FQDN_DNS@'
Done setting the configuration
[2021-09-18T04:54:56.331075] [smf] [smf_app] [start] Options parsed
[2021-09-18T04:54:56.331548] [smf] [smf_app] [info ] SettingNotFoundException : SMF.ITTI_TASKS, using defaults
[2021-09-18T04:54:56.331622] [smf] [smf_app] [info ] SettingNotFoundException : SMF.INTERFACES.N4.SCHED_PARAMS, using defaults
[2021-09-18T04:54:56.331640] [smf] [smf_app] [info ] SettingNotFoundException : SMF.INTERFACES.SBI.SCHED_PARAMS, using defaults
[2021-09-18T04:54:56.333013] [smf] [smf_app] [info ] Finalize config...
[2021-09-18T04:54:56.333022] [smf] [smf_app] [info ] Finalized config
[2021-09-18T04:54:56.333060] [smf] [smf_app] [info ] ==== EURECOM SMF vBranch: HEAD Abrev. Hash: 11c6a3626 Date: Thu Jul 22 13:31:45 2021 +0200 ====
[2021-09-18T04:54:56.333062] [smf] [smf_app] [info ] Configuration SMF:
[2021-09-18T04:54:56.333064] [smf] [smf_app] [info ] - Instance ..............: 0

[2021-09-18T04:54:56.333065] [smf] [smf_app] [info ] - PID dir ...............: /var/run

[2021-09-18T04:54:56.333066] [smf] [smf_app] [info ] - N4 Networking:
[2021-09-18T04:54:56.333067] [smf] [smf_app] [info ]     Interface name ......: eth0
[2021-09-18T04:54:56.333069] [smf] [smf_app] [info ]     IPv4 Addr ...........: 192.168.70.133
[2021-09-18T04:54:56.333071] [smf] [smf_app] [info ]     Port ................: 8805
[2021-09-18T04:54:56.333072] [smf] [smf_app] [info ] - SBI Networking:
[2021-09-18T04:54:56.333073] [smf] [smf_app] [info ]     Interface name ......: eth0
[2021-09-18T04:54:56.333074] [smf] [smf_app] [info ]     IPv4 Addr ...........: 192.168.70.133
[2021-09-18T04:54:56.333075] [smf] [smf_app] [info ]     Port ................: 80
[2021-09-18T04:54:56.333076] [smf] [smf_app] [info ]     HTTP2 port ..........: 9090
[2021-09-18T04:54:56.333078] [smf] [smf_app] [info ]     API version..........: v1
[2021-09-18T04:54:56.333079] [smf] [smf_app] [info ] - N4 Threading:
[2021-09-18T04:54:56.333080] [smf] [smf_app] [info ]     CPU id ..............: 0
[2021-09-18T04:54:56.333081] [smf] [smf_app] [info ]     Scheduling policy ...: 1
[2021-09-18T04:54:56.333082] [smf] [smf_app] [info ]     Scheduling prio .....: 90
[2021-09-18T04:54:56.333083] [smf] [smf_app] [info ] - ITTI Timer Task Threading:
[2021-09-18T04:54:56.333084] [smf] [smf_app] [info ]     CPU id ..............: 0
[2021-09-18T04:54:56.333085] [smf] [smf_app] [info ]     Scheduling policy ...: 1
[2021-09-18T04:54:56.333086] [smf] [smf_app] [info ]     Scheduling prio .....: 85
[2021-09-18T04:54:56.333087] [smf] [smf_app] [info ] - ITTI N4 Task Threading :
[2021-09-18T04:54:56.333089] [smf] [smf_app] [info ]     CPU id ..............: 0
[2021-09-18T04:54:56.333090] [smf] [smf_app] [info ]     Scheduling policy ...: 1
[2021-09-18T04:54:56.333091] [smf] [smf_app] [info ]     Scheduling prio .....: 84
[2021-09-18T04:54:56.333092] [smf] [smf_app] [info ] - ITTI SMF_APP task Threading:
[2021-09-18T04:54:56.333093] [smf] [smf_app] [info ]     CPU id ..............: 0
[2021-09-18T04:54:56.333094] [smf] [smf_app] [info ]     Scheduling policy ...: 1
[2021-09-18T04:54:56.333095] [smf] [smf_app] [info ]     Scheduling prio .....: 84
[2021-09-18T04:54:56.333096] [smf] [smf_app] [info ] - ITTI ASYNC_CMD task Threading:
[2021-09-18T04:54:56.333097] [smf] [smf_app] [info ]     CPU id ..............: 0
[2021-09-18T04:54:56.333098] [smf] [smf_app] [info ]     Scheduling policy ...: 1
[2021-09-18T04:54:56.333099] [smf] [smf_app] [info ]     Scheduling prio .....: 84
[2021-09-18T04:54:56.333100] [smf] [smf_app] [info ] - IP_ADDRESS_POOL:
[2021-09-18T04:54:56.333104] [smf] [smf_app] [info ]     IPv4 pool 0 .........: 12.1.1.2 - 12.1.1.128
[2021-09-18T04:54:56.333106] [smf] [smf_app] [info ]     IPv4 pool 1 .........: 12.1.1.129 - 12.1.1.224
[2021-09-18T04:54:56.333108] [smf] [smf_app] [info ]     IPv4 pool 2 .........: 10.10.10.2 - 10.10.10.253
[2021-09-18T04:54:56.333110] [smf] [smf_app] [info ]     IPv6 pool 0 .........: 2001:1:2:: / 64
[2021-09-18T04:54:56.333112] [smf] [smf_app] [info ]     IPv6 pool 1 .........: 3001:1:2:: / 64
[2021-09-18T04:54:56.333113] [smf] [smf_app] [info ]     IPv6 pool 2 .........: 4001:1:2:: / 64
[2021-09-18T04:54:56.333115] [smf] [smf_app] [info ] - DEFAULT DNS:
[2021-09-18T04:54:56.333116] [smf] [smf_app] [info ]     Primary DNS .........: 192.168.18.129
[2021-09-18T04:54:56.333117] [smf] [smf_app] [info ]     Secondary DNS .......: 192.168.18.129
[2021-09-18T04:54:56.333119] [smf] [smf_app] [info ]     Primary DNS v6 ......: 2001:4860:4860::8888
[2021-09-18T04:54:56.333121] [smf] [smf_app] [info ]     Secondary DNS v6 ....: 2001:4860:4860::8844
[2021-09-18T04:54:56.333123] [smf] [smf_app] [info ] - DNN_LIST:
[2021-09-18T04:54:56.333124] [smf] [smf_app] [info ]     DNN 0:
[2021-09-18T04:54:56.333126] [smf] [smf_app] [info ]         DNN_NI:  default
[2021-09-18T04:54:56.333127] [smf] [smf_app] [info ]         PDU_SESSION_TYPE:  IPV4
[2021-09-18T04:54:56.333129] [smf] [smf_app] [info ]         IPV4_POOL:  0 ( 12.1.1.2 - 12.1.1.128)
[2021-09-18T04:54:56.333131] [smf] [smf_app] [info ]     DNN 1:
[2021-09-18T04:54:56.333132] [smf] [smf_app] [info ]         DNN_NI:  carrier.com
[2021-09-18T04:54:56.333133] [smf] [smf_app] [info ]         PDU_SESSION_TYPE:  IPV4
[2021-09-18T04:54:56.333134] [smf] [smf_app] [info ]         IPV4_POOL:  1 ( 12.1.1.129 - 12.1.1.224)
[2021-09-18T04:54:56.333136] [smf] [smf_app] [info ]     DNN 2:
[2021-09-18T04:54:56.333137] [smf] [smf_app] [info ]         DNN_NI:  oai
[2021-09-18T04:54:56.333138] [smf] [smf_app] [info ]         PDU_SESSION_TYPE:  IPV4
[2021-09-18T04:54:56.333141] [smf] [smf_app] [info ]         IPV4_POOL:  2 ( 10.10.10.2 - 10.10.10.253)
[2021-09-18T04:54:56.333142] [smf] [smf_app] [info ] - Supported Features:
[2021-09-18T04:54:56.333143] [smf] [smf_app] [info ]     Register to NRF............: Yes
[2021-09-18T04:54:56.333144] [smf] [smf_app] [info ]     Discover UPF...............: Yes
[2021-09-18T04:54:56.333146] [smf] [smf_app] [info ]     Use Local Subscription Info: Yes
[2021-09-18T04:54:56.333147] [smf] [smf_app] [info ]     Push PCO (DNS+MTU).........: No
[2021-09-18T04:54:56.333148] [smf] [smf_app] [info ]     Use FQDN ..................: Yes
[2021-09-18T04:54:56.333150] [smf] [smf_app] [info ] - AMF:
[2021-09-18T04:54:56.333151] [smf] [smf_app] [info ]     IPv4 Addr ...........: 192.168.70.132
[2021-09-18T04:54:56.333153] [smf] [smf_app] [info ]     Port ................: 80  
[2021-09-18T04:54:56.333154] [smf] [smf_app] [info ]     API version .........: v1
[2021-09-18T04:54:56.333156] [smf] [smf_app] [info ]     FQDN ................: oai-amf
[2021-09-18T04:54:56.333158] [smf] [smf_app] [info ] - NRF:
[2021-09-18T04:54:56.333159] [smf] [smf_app] [info ]     IPv4 Addr ...........: 192.168.70.130
[2021-09-18T04:54:56.333161] [smf] [smf_app] [info ]     Port ................: 80  
[2021-09-18T04:54:56.333162] [smf] [smf_app] [info ]     API version .........: v1
[2021-09-18T04:54:56.333163] [smf] [smf_app] [info ]     FQDN ................: oai-nrf
[2021-09-18T04:54:56.333166] [smf] [smf_app] [info ] - SESSION_MANAGEMENT_SUBSCRIPTION_LIST:
[2021-09-18T04:54:56.333167] [smf] [smf_app] [info ]     Session Management Subscription Data 0:
[2021-09-18T04:54:56.333169] [smf] [smf_app] [info ]         NSSAI_SST:  222, NSSAI_SD 123
[2021-09-18T04:54:56.333170] [smf] [smf_app] [info ]         DNN:  default
[2021-09-18T04:54:56.333172] [smf] [smf_app] [info ]         DEFAULT_SESSION_TYPE:  IPV4
[2021-09-18T04:54:56.333173] [smf] [smf_app] [info ]         DEFAULT_SSC_MODE:  1
[2021-09-18T04:54:56.333175] [smf] [smf_app] [info ]         QOS_PROFILE_5QI:  6
[2021-09-18T04:54:56.333176] [smf] [smf_app] [info ]         QOS_PROFILE_PRIORITY_LEVEL:  1
[2021-09-18T04:54:56.333177] [smf] [smf_app] [info ]         QOS_PROFILE_ARP_PRIORITY_LEVEL:  1
[2021-09-18T04:54:56.333179] [smf] [smf_app] [info ]         QOS_PROFILE_ARP_PREEMPTCAP:  NOT_PREEMPT
[2021-09-18T04:54:56.333180] [smf] [smf_app] [info ]         QOS_PROFILE_ARP_PREEMPTVULN:  NOT_PREEMPTABLE
[2021-09-18T04:54:56.333182] [smf] [smf_app] [info ]         SESSION_AMBR_UL:  20Mbps
[2021-09-18T04:54:56.333183] [smf] [smf_app] [info ]         SESSION_AMBR_DL:  22Mbps
[2021-09-18T04:54:56.333185] [smf] [smf_app] [info ]     Session Management Subscription Data 1:
[2021-09-18T04:54:56.333187] [smf] [smf_app] [info ]         NSSAI_SST:  111, NSSAI_SD 124
[2021-09-18T04:54:56.333188] [smf] [smf_app] [info ]         DNN:  oai
[2021-09-18T04:54:56.333189] [smf] [smf_app] [info ]         DEFAULT_SESSION_TYPE:  IPV4
[2021-09-18T04:54:56.333191] [smf] [smf_app] [info ]         DEFAULT_SSC_MODE:  1
[2021-09-18T04:54:56.333193] [smf] [smf_app] [info ]         QOS_PROFILE_5QI:  7
[2021-09-18T04:54:56.333194] [smf] [smf_app] [info ]         QOS_PROFILE_PRIORITY_LEVEL:  1
[2021-09-18T04:54:56.333196] [smf] [smf_app] [info ]         QOS_PROFILE_ARP_PRIORITY_LEVEL:  1
[2021-09-18T04:54:56.333197] [smf] [smf_app] [info ]         QOS_PROFILE_ARP_PREEMPTCAP:  NOT_PREEMPT
[2021-09-18T04:54:56.333198] [smf] [smf_app] [info ]         QOS_PROFILE_ARP_PREEMPTVULN:  NOT_PREEMPTABLE
[2021-09-18T04:54:56.333201] [smf] [smf_app] [info ]         SESSION_AMBR_UL:  10Mbps
[2021-09-18T04:54:56.333202] [smf] [smf_app] [info ]         SESSION_AMBR_DL:  11Mbps
[2021-09-18T04:54:56.333207] [smf] [itti   ] [start] Starting...
[2021-09-18T04:54:56.333525] [smf] [itti   ] [start] Started
[2021-09-18T04:54:56.333531] [smf] [async_c] [start] Starting...
[2021-09-18T04:54:56.333536] [smf] [itti   ] [info ] Starting timer_manager_task
[2021-09-18T04:54:56.333718] [smf] [itti   ] [warn ] Could not set schedparam to ITTI task 0, err=1
[2021-09-18T04:54:56.333887] [smf] [async_c] [warn ] Could not set schedparam to ITTI task 1, err=1
[2021-09-18T04:54:56.334881] [smf] [async_c] [start] Started
[2021-09-18T04:54:56.334939] [smf] [smf_app] [start] Starting...
[2021-09-18T04:54:56.334953] [smf] [smf_app] [info ] Apply config...
[2021-09-18T04:54:56.334992] [smf] [smf_app] [info ] Applied config default
[2021-09-18T04:54:56.335021] [smf] [smf_app] [info ] Applied config carrier.com
[2021-09-18T04:54:56.335060] [smf] [smf_app] [info ] Applied config oai
[2021-09-18T04:54:56.335069] [smf] [smf_app] [info ] Applied config
[2021-09-18T04:54:56.336365] [smf] [pfcp   ] [info ] pfcp_l4_stack created listening to 192.168.70.133:8805
[2021-09-18T04:54:56.336740] [smf] [udp    ] [warn ] Could not set schedparam to ITTI task 6, err=1
[2021-09-18T04:54:56.336846] [smf] [smf_n4 ] [start] Starting...
[2021-09-18T04:54:56.336881] [smf] [udp    ] [warn ] Could not set schedparam to ITTI task 6, err=1
[2021-09-18T04:54:56.338094] [smf] [smf_n4 ] [start] Started
[2021-09-18T04:54:56.338133] [smf] [smf_sbi] [start] Starting...
[2021-09-18T04:54:56.339657] [smf] [smf_sbi] [start] Started
[2021-09-18T04:54:56.339664] [smf] [smf_app] [start] Started
[2021-09-18T04:54:56.340366] [smf] [sbi_srv] [info ] HTTP1 server started
[2021-09-18T04:54:56.340649] [smf] [sbi_srv] [info ] HTTP2 server started
[2021-09-18T04:54:57.321264] [smf] [smf_n4 ] [info ] handle_receive(37 bytes)
[2021-09-18T04:54:57.321529] [smf] [smf_app] [info ] Node ID Type FQDN: oai-spgwu
[2021-09-18T04:54:57.322121] [smf] [smf_app] [info ] Node ID Type FQDN: oai-spgwu, IPv4 Addr: 192.168.70.134
[2021-09-18T04:54:57.322328] [smf] [smf_n4 ] [warn ] Received N4 ASSOCIATION SETUP REQUEST node_id IPV6, FQDN!, ignore message
[2021-09-18T04:54:57.367003] [smf] [sbi_srv] [info ] NFStatusNotifyApiImpl, received a NF status notification...
[2021-09-18T04:54:57.367580] [smf] [smf_app] [info ] Handle a NF status notification from NRF (HTTP version 1)
[2021-09-18T04:54:57.368375] [smf] [smf_n4 ] [info ] handle_receive(42 bytes)
[2021-09-18T04:54:57.368457] [smf] [smf_n4 ] [info ] Received N4 ASSOCIATION SETUP RESPONSE from an UPF
[2021-09-18T04:54:57.368490] [smf] [smf_n4 ] [info ] Received N4 ASSOCIATION SETUP RESPONSE
[2021-09-18T04:54:57.368503] [smf] [smf_app] [info ] Node ID Type FQDN: oai-spgwu
[2021-09-18T04:54:57.369051] [smf] [smf_app] [info ] Node ID Type FQDN: oai-spgwu, IPv4 Addr: 192.168.70.134
[2021-09-18T04:55:02.321697] [smf] [smf_n4 ] [info ] TIME-OUT event timer id 2
[2021-09-18T04:55:02.368079] [smf] [smf_n4 ] [info ] TIME-OUT event timer id 5
[2021-09-18T04:55:06.353909] [smf] [smf_app] [info ] TIME-OUT event timer id 1
[2021-09-18T04:55:07.322557] [smf] [smf_n4 ] [info ] TIME-OUT event timer id 3
[2021-09-18T04:55:07.322604] [smf] [smf_n4 ] [info ] PFCP HEARTBEAT PROCEDURE hash 2252777664 starting
[2021-09-18T04:55:07.323179] [smf] [smf_n4 ] [info ] handle_receive(16 bytes)
[2021-09-18T04:55:07.369326] [smf] [smf_n4 ] [info ] TIME-OUT event timer id 6
[2021-09-18T04:55:07.369361] [smf] [smf_n4 ] [info ] PFCP HEARTBEAT PROCEDURE hash 2252777664 starting
[2021-09-18T04:55:07.369796] [smf] [smf_n4 ] [info ] handle_receive(16 bytes)
[2021-09-18T04:55:12.322959] [smf] [smf_n4 ] [info ] TIME-OUT event timer id 10
[2021-09-18T04:55:12.369648] [smf] [smf_n4 ] [info ] TIME-OUT event timer id 14
[2021-09-18T04:55:16.354316] [smf] [smf_app] [info ] TIME-OUT event timer id 7
[2021-09-18T04:55:17.323524] [smf] [smf_n4 ] [info ] TIME-OUT event timer id 11
[2021-09-18T04:55:17.323574] [smf] [smf_n4 ] [info ] PFCP HEARTBEAT PROCEDURE hash 2252777664 starting
[2021-09-18T04:55:17.324169] [smf] [smf_n4 ] [info ] handle_receive(16 bytes)
[2021-09-18T04:55:17.370103] [smf] [smf_n4 ] [info ] TIME-OUT event timer id 15
[2021-09-18T04:55:17.370144] [smf] [smf_n4 ] [info ] PFCP HEARTBEAT PROCEDURE hash 2252777664 starting
[2021-09-18T04:55:17.370577] [smf] [smf_n4 ] [info ] handle_receive(16 bytes)
[2021-09-18T04:55:22.323918] [smf] [smf_n4 ] [info ] TIME-OUT event timer id 19
[2021-09-18T04:55:22.370477] [smf] [smf_n4 ] [info ] TIME-OUT event timer id 23
[2021-09-18T04:55:26.354669] [smf] [smf_app] [info ] TIME-OUT event timer id 16
[2021-09-18T04:55:27.324531] [smf] [smf_n4 ] [info ] TIME-OUT event timer id 20
[2021-09-18T04:55:27.324580] [smf] [smf_n4 ] [info ] PFCP HEARTBEAT PROCEDURE hash 2252777664 starting
[2021-09-18T04:55:27.325211] [smf] [smf_n4 ] [info ] handle_receive(16 bytes)
[2021-09-18T04:55:27.370880] [smf] [smf_n4 ] [info ] TIME-OUT event timer id 24
[2021-09-18T04:55:27.370915] [smf] [smf_n4 ] [info ] PFCP HEARTBEAT PROCEDURE hash 2252777664 starting
[2021-09-18T04:55:27.371320] [smf] [smf_n4 ] [info ] handle_receive(16 bytes)
[2021-09-18T04:55:32.324959] [smf] [smf_n4 ] [info ] TIME-OUT event timer id 28
[2021-09-18T04:55:32.371226] [smf] [smf_n4 ] [info ] TIME-OUT event timer id 32
[2021-09-18T04:55:36.355023] [smf] [smf_app] [info ] TIME-OUT event timer id 25
[2021-09-18T04:55:37.325571] [smf] [smf_n4 ] [info ] TIME-OUT event timer id 29
[2021-09-18T04:55:37.325621] [smf] [smf_n4 ] [info ] PFCP HEARTBEAT PROCEDURE hash 2252777664 starting
[2021-09-18T04:55:37.326211] [smf] [smf_n4 ] [info ] handle_receive(16 bytes)
[2021-09-18T04:55:37.371623] [smf] [smf_n4 ] [info ] TIME-OUT event timer id 33
[2021-09-18T04:55:37.371661] [smf] [smf_n4 ] [info ] PFCP HEARTBEAT PROCEDURE hash 2252777664 starting
[2021-09-18T04:55:37.372097] [smf] [smf_n4 ] [info ] handle_receive(16 bytes)
[2021-09-18T04:55:42.325964] [smf] [smf_n4 ] [info ] TIME-OUT event timer id 37
[2021-09-18T04:55:42.371948] [smf] [smf_n4 ] [info ] TIME-OUT event timer id 41
[2021-09-18T04:55:46.355301] [smf] [smf_app] [info ] TIME-OUT event timer id 34
[2021-09-18T04:55:47.326553] [smf] [smf_n4 ] [info ] TIME-OUT event timer id 38
[2021-09-18T04:55:47.326602] [smf] [smf_n4 ] [info ] PFCP HEARTBEAT PROCEDURE hash 2252777664 starting
[2021-09-18T04:55:47.327187] [smf] [smf_n4 ] [info ] handle_receive(16 bytes)
[2021-09-18T04:55:47.372341] [smf] [smf_n4 ] [info ] TIME-OUT event timer id 42
[2021-09-18T04:55:47.372379] [smf] [smf_n4 ] [info ] PFCP HEARTBEAT PROCEDURE hash 2252777664 starting
[2021-09-18T04:55:47.372811] [smf] [smf_n4 ] [info ] handle_receive(16 bytes)
[2021-09-18T04:55:52.326968] [smf] [smf_n4 ] [info ] TIME-OUT event timer id 46
[2021-09-18T04:55:52.372670] [smf] [smf_n4 ] [info ] TIME-OUT event timer id 50
[2021-09-18T04:55:56.355652] [smf] [smf_app] [info ] TIME-OUT event timer id 43
[2021-09-18T04:55:57.327554] [smf] [smf_n4 ] [info ] TIME-OUT event timer id 47
[2021-09-18T04:55:57.327604] [smf] [smf_n4 ] [info ] PFCP HEARTBEAT PROCEDURE hash 2252777664 starting
[2021-09-18T04:55:57.328218] [smf] [smf_n4 ] [info ] handle_receive(16 bytes)
[2021-09-18T04:55:57.373138] [smf] [smf_n4 ] [info ] TIME-OUT event timer id 51
[2021-09-18T04:55:57.373173] [smf] [smf_n4 ] [info ] PFCP HEARTBEAT PROCEDURE hash 2252777664 starting
[2021-09-18T04:55:57.373610] [smf] [smf_n4 ] [info ] handle_receive(16 bytes)
[2021-09-18T04:56:02.327973] [smf] [smf_n4 ] [info ] TIME-OUT event timer id 55
[2021-09-18T04:56:02.373499] [smf] [smf_n4 ] [info ] TIME-OUT event timer id 59
[2021-09-18T04:56:06.356000] [smf] [smf_app] [info ] TIME-OUT event timer id 52
[2021-09-18T04:56:07.328579] [smf] [smf_n4 ] [info ] TIME-OUT event timer id 56
[2021-09-18T04:56:07.328625] [smf] [smf_n4 ] [info ] PFCP HEARTBEAT PROCEDURE hash 2252777664 starting
[2021-09-18T04:56:07.329263] [smf] [smf_n4 ] [info ] handle_receive(16 bytes)
[2021-09-18T04:56:07.373910] [smf] [smf_n4 ] [info ] TIME-OUT event timer id 60
[2021-09-18T04:56:07.373955] [smf] [smf_n4 ] [info ] PFCP HEARTBEAT PROCEDURE hash 2252777664 starting
[2021-09-18T04:56:07.374405] [smf] [smf_n4 ] [info ] handle_receive(16 bytes)
[2021-09-18T04:56:11.824312] [smf] [sbi_srv] [info ] Received a SM context create request from AMF.
[2021-09-18T04:56:11.824701] [smf] [sbi_srv] [info ] PDU Session Create SM Context Request.
[2021-09-18T04:56:11.824824] [smf] [smf_app] [warn ] No SelMode available
[2021-09-18T04:56:11.824924] [smf] [smf_app] [info ] Handle a PDU Session Create SM Context Request from an AMF (HTTP version 1)
[2021-09-18T04:56:11.824938] [smf] [smf_n1 ] [info ] Decode NAS message from N1 SM Container.
[2021-09-18T04:56:11.825014] [smf] [smf_app] [info ] Handle a PDU Session Create SM Context Request message from AMF, SUPI 208950000000031, SNSSAI SST 222, SD 123
[2021-09-18T04:56:11.825148] [smf] [smf_app] [info ] Inserted DNN Subscription, key: 222, dnn default
[2021-09-18T04:56:11.825167] [smf] [smf_app] [info ] Handle a PDU Session Create SM Context Request message from AMF (HTTP version 1)
[2021-09-18T04:56:11.825195] [smf] [smf_app] [info ] Find a DNN Subscription with key: 222, map size 1
[2021-09-18T04:56:11.825202] [smf] [smf_app] [info ] Find DNN configuration with DNN default
[2021-09-18T04:56:11.825215] [smf] [smf_app] [info ] PAA, Ipv4 Address: 12.1.1.2
[2021-09-18T04:56:11.825326] [smf] [smf_app] [info ] Create a procedure to process this message.
[2021-09-18T04:56:11.825344] [smf] [smf_app] [info ] Perform a procedure - Create SM Context Request
[2021-09-18T04:56:11.825355] [smf] [smf_app] [info ] Could not found UPF profile, select the first available UPF
[2021-09-18T04:56:11.825405] [smf] [smf_app] [info ] Get default QoS for a PDU Session, key 222
[2021-09-18T04:56:11.825416] [smf] [smf_app] [info ] Find a DNN Subscription with key: 222, map size 1
[2021-09-18T04:56:11.825421] [smf] [smf_app] [info ] Find DNN configuration with DNN default
[2021-09-18T04:56:11.825428] [smf] [smf_app] [info ] Default qfi 6
[2021-09-18T04:56:11.825447] [smf] [smf_app] [info ] Get default QoS rule for a PDU Session (PDU session type 1)
[2021-09-18T04:56:11.825461] [smf] [smf_app] [info ] Add QoS Rule with Rule Id 1
[2021-09-18T04:56:11.825480] [smf] [smf_app] [info ] Sending ITTI message 37itti_n4_session_establishment_request to task TASK_SMF_N4
[2021-09-18T04:56:11.826583] [smf] [smf_n4 ] [info ] handle_receive(76 bytes)
[2021-09-18T04:56:11.826857] [smf] [smf_app] [info ] Handle N4 Session Establishment Response (PDU Session Id 1)
[2021-09-18T04:56:11.826968] [smf] [smf_app] [info ] Get default QoS Rule this PDU Session (ID 1)
[2021-09-18T04:56:11.826992] [smf] [smf_n1 ] [info ] Create N1 SM Container, PDU Session Establishment Accept
[2021-09-18T04:56:11.827014] [smf] [smf_n1 ] [info ] PDU_SESSION_ESTABLISHMENT_ACCEPT, encode starting...
[2021-09-18T04:56:11.827033] [smf] [smf_app] [info ] Find a DNN Subscription with key: 222, map size 1
[2021-09-18T04:56:11.827044] [smf] [smf_app] [info ] Find DNN configuration with DNN default
[2021-09-18T04:56:11.827111] [smf] [smf_app] [info ] Get default QoS Flow Description (PDU session type 1)
[2021-09-18T04:56:11.827144] [smf] [smf_n1 ] [info ] Encode PDU Session Establishment Accept
[2021-09-18T04:56:11.827248] [smf] [smf_n2 ] [info ] Create N2 SM Information, PDU Session Resource Setup Request Transfer
[2021-09-18T04:56:11.827273] [smf] [smf_n2 ] [info ] QoS parameters: QFI 6, Priority level 1, ARP priority level 1
[2021-09-18T04:56:11.827308] [smf] [smf_app] [info ] Find a DNN Subscription with key: 222, map size 1
[2021-09-18T04:56:11.827321] [smf] [smf_app] [info ] Find DNN configuration with DNN default
[2021-09-18T04:56:11.827357] [smf] [smf_n2 ] [info ] QoS parameters: QFI 6, ARP priority level 1, qos_flow.qos_profile.arp.preempt_cap NOT_PREEMPT, qos_flow.qos_profile.arp.preempt_vuln NOT_PREEMPTABLE
[2021-09-18T04:56:11.827801] [smf] [smf_app] [info ] Sending ITTI message N11_SESSION_CREATE_SM_CONTEXT_RESPONSE to task TASK_SMF_APP
[2021-09-18T04:56:11.831552] [smf] [smf_sbi] [warn ] Could not get the cause from the response
[2021-09-18T04:56:11.831738] [smf] [smf_app] [info ] Process N1N2MessageTransfer Response
[2021-09-18T04:56:11.831775] [smf] [smf_app] [info ] PDU_SESSION_ESTABLISHMENT_UE_REQUESTED
[2021-09-18T04:56:11.831783] [smf] [smf_app] [info ] Update PDU Session Status
[2021-09-18T04:56:11.831801] [smf] [smf_app] [info ] Set PDU Session Status to PDU_SESSION_ESTABLISHMENT_PENDING
[2021-09-18T04:56:11.831811] [smf] [smf_app] [info ] Set PDU Session Status to PDU_SESSION_ESTABLISHMENT_PENDING
[2021-09-18T04:56:11.831817] [smf] [smf_app] [info ] Update UpCnx_State
[2021-09-18T04:56:11.831825] [smf] [smf_app] [info ] Set upCnxState to UPCNX_STATE_ACTIVATING
[2021-09-18T04:56:11.831832] [smf] [smf_app] [info ] Set PDU Session UpCnxState to UPCNX_STATE_ACTIVATING
[2021-09-18T04:56:11.835049] [smf] [sbi_srv] [info ] Received a SM context update request from AMF.
[2021-09-18T04:56:11.835273] [smf] [sbi_srv] [info ] Received a PDUSession_UpdateSMContext Request from AMF.
[2021-09-18T04:56:11.835368] [smf] [smf_app] [info ] Handle a PDU Session Update SM Context Request from an AMF (HTTP version 1)
[2021-09-18T04:56:11.835392] [smf] [smf_app] [info ] Handle a PDU Session Update SM Context Request message from an AMF (HTTP version 1)
[2021-09-18T04:56:11.835412] [smf] [smf_app] [info ] PDU Session Resource Setup Response Transfer
[2021-09-18T04:56:11.835421] [smf] [smf_n2 ] [info ] Decode NGAP message (PDUSessionResourceSetupResponseTransfer) from N2 SM Information
[2021-09-18T04:56:11.835512] [smf] [smf_app] [info ] PDU Session Establishment Request, processing N2 SM Information
[2021-09-18T04:56:11.835529] [smf] [smf_app] [info ] Perform a procedure - Update SM Context Request
[2021-09-18T04:56:11.835642] [smf] [smf_app] [info ] Sending ITTI message 36itti_n4_session_modification_request to task TASK_SMF_N4
[2021-09-18T04:56:11.836253] [smf] [smf_n4 ] [info ] handle_receive(31 bytes)
[2021-09-18T04:56:11.836444] [smf] [smf_app] [info ] Handle N4 Session Modification Response (PDU Session Id 1)
[2021-09-18T04:56:11.836528] [smf] [smf_app] [info ] PDU Session Establishment Request (UE-Initiated)
[2021-09-18T04:56:11.836552] [smf] [smf_app] [info ] Set PDU Session Status to PDU_SESSION_ACTIVE
[2021-09-18T04:56:11.836559] [smf] [smf_app] [info ] Set upCnxState to UPCNX_STATE_ACTIVATED
[2021-09-18T04:56:11.836569] [smf] [smf_app] [info ] Sending ITTI message N11_SESSION_UPDATE_SM_CONTEXT_RESPONSE to task TASK_SMF_APP
[2021-09-18T04:56:11.836716] [smf] [smf_app] [info ] Handle N4 Session Modification Response with SMF context 
SMF CONTEXT:
	SUPI:				208950000000031
DNN CONTEXT:
	In use:				1
	DNN:				default
PDN CONNECTION:
	PDN type:			IPV4
	PAA IPv4:			12.1.1.2
	Default QFI:			6
	SEID:				2
Default QoS Flow:
	QFI:				6
	UL FTEID:		TEID=1, IPv4=192.168.70.134
	DL FTEID:		TEID=2596996162, IPv4=192.168.70.136
	PDR ID UL:			1
	PDR ID DL:			2
	Precedence:			0
	FAR ID UL:			1
	FAR ID DL:			2

[2021-09-18T04:56:12.328989] [smf] [smf_n4 ] [info ] TIME-OUT event timer id 64
[2021-09-18T04:56:12.374299] [smf] [smf_n4 ] [info ] TIME-OUT event timer id 68
[2021-09-18T04:56:16.356356] [smf] [smf_app] [info ] TIME-OUT event timer id 61
[2021-09-18T04:56:16.826034] [smf] [smf_n4 ] [info ] TIME-OUT event timer id 71
[2021-09-18T04:56:16.836047] [smf] [smf_n4 ] [info ] TIME-OUT event timer id 73
[2021-09-18T04:56:17.329636] [smf] [smf_n4 ] [info ] TIME-OUT event timer id 65
[2021-09-18T04:56:17.329686] [smf] [smf_n4 ] [info ] PFCP HEARTBEAT PROCEDURE hash 2252777664 starting
[2021-09-18T04:56:17.330291] [smf] [smf_n4 ] [info ] handle_receive(16 bytes)
[2021-09-18T04:56:17.374650] [smf] [smf_n4 ] [info ] TIME-OUT event timer id 69
[2021-09-18T04:56:17.374690] [smf] [smf_n4 ] [info ] PFCP HEARTBEAT PROCEDURE hash 2252777664 starting
[2021-09-18T04:56:17.375040] [smf] [smf_n4 ] [info ] handle_receive(16 bytes)
[2021-09-18T04:56:22.330051] [smf] [smf_n4 ] [info ] TIME-OUT event timer id 77
[2021-09-18T04:56:22.375000] [smf] [smf_n4 ] [info ] TIME-OUT event timer id 81
[2021-09-18T04:56:26.356720] [smf] [smf_app] [info ] TIME-OUT event timer id 74
[2021-09-18T04:56:27.330676] [smf] [smf_n4 ] [info ] TIME-OUT event timer id 78
[2021-09-18T04:56:27.330726] [smf] [smf_n4 ] [info ] PFCP HEARTBEAT PROCEDURE hash 2252777664 starting
[2021-09-18T04:56:27.331304] [smf] [smf_n4 ] [info ] handle_receive(16 bytes)
[2021-09-18T04:56:27.375335] [smf] [smf_n4 ] [info ] TIME-OUT event timer id 82
[2021-09-18T04:56:27.375371] [smf] [smf_n4 ] [info ] PFCP HEARTBEAT PROCEDURE hash 2252777664 starting
[2021-09-18T04:56:27.375794] [smf] [smf_n4 ] [info ] handle_receive(16 bytes)
[2021-09-18T04:56:32.331108] [smf] [smf_n4 ] [info ] TIME-OUT event timer id 86
[2021-09-18T04:56:32.375658] [smf] [smf_n4 ] [info ] TIME-OUT event timer id 90
[2021-09-18T04:56:36.357077] [smf] [smf_app] [info ] TIME-OUT event timer id 83
[2021-09-18T04:56:37.331628] [smf] [smf_n4 ] [info ] TIME-OUT event timer id 87
[2021-09-18T04:56:37.331679] [smf] [smf_n4 ] [info ] PFCP HEARTBEAT PROCEDURE hash 2252777664 starting
[2021-09-18T04:56:37.332297] [smf] [smf_n4 ] [info ] handle_receive(16 bytes)
[2021-09-18T04:56:37.376095] [smf] [smf_n4 ] [info ] TIME-OUT event timer id 91
[2021-09-18T04:56:37.376131] [smf] [smf_n4 ] [info ] PFCP HEARTBEAT PROCEDURE hash 2252777664 starting
[2021-09-18T04:56:37.376545] [smf] [smf_n4 ] [info ] handle_receive(16 bytes)
[2021-09-18T04:56:42.331970] [smf] [smf_n4 ] [info ] TIME-OUT event timer id 95
[2021-09-18T04:56:42.376440] [smf] [smf_n4 ] [info ] TIME-OUT event timer id 99
[2021-09-18T04:56:46.357466] [smf] [smf_app] [info ] TIME-OUT event timer id 92
[2021-09-18T04:56:47.332693] [smf] [smf_n4 ] [info ] TIME-OUT event timer id 96
[2021-09-18T04:56:47.332748] [smf] [smf_n4 ] [info ] PFCP HEARTBEAT PROCEDURE hash 2252777664 starting
[2021-09-18T04:56:47.333363] [smf] [smf_n4 ] [info ] handle_receive(16 bytes)
[2021-09-18T04:56:47.376788] [smf] [smf_n4 ] [info ] TIME-OUT event timer id 100
[2021-09-18T04:56:47.376830] [smf] [smf_n4 ] [info ] PFCP HEARTBEAT PROCEDURE hash 2252777664 starting
[2021-09-18T04:56:47.377293] [smf] [smf_n4 ] [info ] handle_receive(16 bytes)
[2021-09-18T04:56:52.333165] [smf] [smf_n4 ] [info ] TIME-OUT event timer id 104
[2021-09-18T04:56:52.377144] [smf] [smf_n4 ] [info ] TIME-OUT event timer id 108
[2021-09-18T04:56:56.357809] [smf] [smf_app] [info ] TIME-OUT event timer id 101
[2021-09-18T04:56:57.333726] [smf] [smf_n4 ] [info ] TIME-OUT event timer id 105
[2021-09-18T04:56:57.333780] [smf] [smf_n4 ] [info ] PFCP HEARTBEAT PROCEDURE hash 2252777664 starting
[2021-09-18T04:56:57.334414] [smf] [smf_n4 ] [info ] handle_receive(16 bytes)
[2021-09-18T04:56:57.377595] [smf] [smf_n4 ] [info ] TIME-OUT event timer id 109
[2021-09-18T04:56:57.377629] [smf] [smf_n4 ] [info ] PFCP HEARTBEAT PROCEDURE hash 2252777664 starting
[2021-09-18T04:56:57.378065] [smf] [smf_n4 ] [info ] handle_receive(16 bytes)
[2021-09-18T04:57:02.334173] [smf] [smf_n4 ] [info ] TIME-OUT event timer id 113
[2021-09-18T04:57:02.377938] [smf] [smf_n4 ] [info ] TIME-OUT event timer id 117
[2021-09-18T04:57:06.358209] [smf] [smf_app] [info ] TIME-OUT event timer id 110
[2021-09-18T04:57:07.334788] [smf] [smf_n4 ] [info ] TIME-OUT event timer id 114
[2021-09-18T04:57:07.334833] [smf] [smf_n4 ] [info ] PFCP HEARTBEAT PROCEDURE hash 2252777664 starting
[2021-09-18T04:57:07.335419] [smf] [smf_n4 ] [info ] handle_receive(16 bytes)
[2021-09-18T04:57:07.378321] [smf] [smf_n4 ] [info ] TIME-OUT event timer id 118
[2021-09-18T04:57:07.378361] [smf] [smf_n4 ] [info ] PFCP HEARTBEAT PROCEDURE hash 2252777664 starting
[2021-09-18T04:57:07.378795] [smf] [smf_n4 ] [info ] handle_receive(16 bytes)
[2021-09-18T04:57:12.335213] [smf] [smf_n4 ] [info ] TIME-OUT event timer id 122
[2021-09-18T04:57:12.378649] [smf] [smf_n4 ] [info ] TIME-OUT event timer id 126
[2021-09-18T04:57:16.358624] [smf] [smf_app] [info ] TIME-OUT event timer id 119
[2021-09-18T04:57:17.335768] [smf] [smf_n4 ] [info ] TIME-OUT event timer id 123
[2021-09-18T04:57:17.335806] [smf] [smf_n4 ] [info ] PFCP HEARTBEAT PROCEDURE hash 2252777664 starting
[2021-09-18T04:57:17.336347] [smf] [smf_n4 ] [info ] handle_receive(16 bytes)
[2021-09-18T04:57:17.379094] [smf] [smf_n4 ] [info ] TIME-OUT event timer id 127
[2021-09-18T04:57:17.379132] [smf] [smf_n4 ] [info ] PFCP HEARTBEAT PROCEDURE hash 2252777664 starting
[2021-09-18T04:57:17.379527] [smf] [smf_n4 ] [info ] handle_receive(16 bytes)
[2021-09-18T04:57:22.336166] [smf] [smf_n4 ] [info ] TIME-OUT event timer id 131
[2021-09-18T04:57:22.379436] [smf] [smf_n4 ] [info ] TIME-OUT event timer id 135
[2021-09-18T04:57:26.358973] [smf] [smf_app] [info ] TIME-OUT event timer id 128
[2021-09-18T04:57:27.336715] [smf] [smf_n4 ] [info ] TIME-OUT event timer id 132
[2021-09-18T04:57:27.336759] [smf] [smf_n4 ] [info ] PFCP HEARTBEAT PROCEDURE hash 2252777664 starting
[2021-09-18T04:57:27.337347] [smf] [smf_n4 ] [info ] handle_receive(16 bytes)
[2021-09-18T04:57:27.379837] [smf] [smf_n4 ] [info ] TIME-OUT event timer id 136
[2021-09-18T04:57:27.379874] [smf] [smf_n4 ] [info ] PFCP HEARTBEAT PROCEDURE hash 2252777664 starting
[2021-09-18T04:57:27.380317] [smf] [smf_n4 ] [info ] handle_receive(16 bytes)
[2021-09-18T04:57:32.337103] [smf] [smf_n4 ] [info ] TIME-OUT event timer id 140
[2021-09-18T04:57:32.380175] [smf] [smf_n4 ] [info ] TIME-OUT event timer id 144
[2021-09-18T04:57:36.359327] [smf] [smf_app] [info ] TIME-OUT event timer id 137
[2021-09-18T04:57:37.337629] [smf] [smf_n4 ] [info ] TIME-OUT event timer id 141
[2021-09-18T04:57:37.337673] [smf] [smf_n4 ] [info ] PFCP HEARTBEAT PROCEDURE hash 2252777664 starting
[2021-09-18T04:57:37.338197] [smf] [smf_n4 ] [info ] handle_receive(16 bytes)
[2021-09-18T04:57:37.380661] [smf] [smf_n4 ] [info ] TIME-OUT event timer id 145
[2021-09-18T04:57:37.380701] [smf] [smf_n4 ] [info ] PFCP HEARTBEAT PROCEDURE hash 2252777664 starting
[2021-09-18T04:57:37.381137] [smf] [smf_n4 ] [info ] handle_receive(16 bytes)
[2021-09-18T04:57:42.338026] [smf] [smf_n4 ] [info ] TIME-OUT event timer id 149
[2021-09-18T04:57:42.381018] [smf] [smf_n4 ] [info ] TIME-OUT event timer id 153
[2021-09-18T04:57:46.359716] [smf] [smf_app] [info ] TIME-OUT event timer id 146
[2021-09-18T04:57:47.338560] [smf] [smf_n4 ] [info ] TIME-OUT event timer id 150
[2021-09-18T04:57:47.338597] [smf] [smf_n4 ] [info ] PFCP HEARTBEAT PROCEDURE hash 2252777664 starting
[2021-09-18T04:57:47.339149] [smf] [smf_n4 ] [info ] handle_receive(16 bytes)
[2021-09-18T04:57:47.381493] [smf] [smf_n4 ] [info ] TIME-OUT event timer id 154
[2021-09-18T04:57:47.381530] [smf] [smf_n4 ] [info ] PFCP HEARTBEAT PROCEDURE hash 2252777664 starting
[2021-09-18T04:57:47.381947] [smf] [smf_n4 ] [info ] handle_receive(16 bytes)
[2021-09-18T04:57:52.338938] [smf] [smf_n4 ] [info ] TIME-OUT event timer id 158
[2021-09-18T04:57:52.381809] [smf] [smf_n4 ] [info ] TIME-OUT event timer id 162
[2021-09-18T04:57:56.360069] [smf] [smf_app] [info ] TIME-OUT event timer id 155
[2021-09-18T04:57:57.339487] [smf] [smf_n4 ] [info ] TIME-OUT event timer id 159
[2021-09-18T04:57:57.339524] [smf] [smf_n4 ] [info ] PFCP HEARTBEAT PROCEDURE hash 2252777664 starting
[2021-09-18T04:57:57.340112] [smf] [smf_n4 ] [info ] handle_receive(16 bytes)
[2021-09-18T04:57:57.382259] [smf] [smf_n4 ] [info ] TIME-OUT event timer id 163
[2021-09-18T04:57:57.382296] [smf] [smf_n4 ] [info ] PFCP HEARTBEAT PROCEDURE hash 2252777664 starting
[2021-09-18T04:57:57.382737] [smf] [smf_n4 ] [info ] handle_receive(16 bytes)
[2021-09-18T04:58:02.339886] [smf] [smf_n4 ] [info ] TIME-OUT event timer id 167
[2021-09-18T04:58:02.382593] [smf] [smf_n4 ] [info ] TIME-OUT event timer id 171
[2021-09-18T04:58:06.360459] [smf] [smf_app] [info ] TIME-OUT event timer id 164
[2021-09-18T04:58:07.340491] [smf] [smf_n4 ] [info ] TIME-OUT event timer id 168
[2021-09-18T04:58:07.340526] [smf] [smf_n4 ] [info ] PFCP HEARTBEAT PROCEDURE hash 2252777664 starting
[2021-09-18T04:58:07.341127] [smf] [smf_n4 ] [info ] handle_receive(16 bytes)
[2021-09-18T04:58:07.383074] [smf] [smf_n4 ] [info ] TIME-OUT event timer id 172
[2021-09-18T04:58:07.383112] [smf] [smf_n4 ] [info ] PFCP HEARTBEAT PROCEDURE hash 2252777664 starting
[2021-09-18T04:58:07.383531] [smf] [smf_n4 ] [info ] handle_receive(16 bytes)
[2021-09-18T04:58:12.340893] [smf] [smf_n4 ] [info ] TIME-OUT event timer id 176
[2021-09-18T04:58:12.383354] [smf] [smf_n4 ] [info ] TIME-OUT event timer id 180
[2021-09-18T04:58:16.360804] [smf] [smf_app] [info ] TIME-OUT event timer id 173
[2021-09-18T04:58:17.341390] [smf] [smf_n4 ] [info ] TIME-OUT event timer id 177
[2021-09-18T04:58:17.341424] [smf] [smf_n4 ] [info ] PFCP HEARTBEAT PROCEDURE hash 2252777664 starting
[2021-09-18T04:58:17.341972] [smf] [smf_n4 ] [info ] handle_receive(16 bytes)
[2021-09-18T04:58:17.383768] [smf] [smf_n4 ] [info ] TIME-OUT event timer id 181
[2021-09-18T04:58:17.383801] [smf] [smf_n4 ] [info ] PFCP HEARTBEAT PROCEDURE hash 2252777664 starting
[2021-09-18T04:58:17.384138] [smf] [smf_n4 ] [info ] handle_receive(16 bytes)
[2021-09-18T04:58:22.341761] [smf] [smf_n4 ] [info ] TIME-OUT event timer id 185
[2021-09-18T04:58:22.384080] [smf] [smf_n4 ] [info ] TIME-OUT event timer id 189
[2021-09-18T04:58:26.361175] [smf] [smf_app] [info ] TIME-OUT event timer id 182
[2021-09-18T04:58:27.342356] [smf] [smf_n4 ] [info ] TIME-OUT event timer id 186
[2021-09-18T04:58:27.342392] [smf] [smf_n4 ] [info ] PFCP HEARTBEAT PROCEDURE hash 2252777664 starting
[2021-09-18T04:58:27.343001] [smf] [smf_n4 ] [info ] handle_receive(16 bytes)
[2021-09-18T04:58:27.384465] [smf] [smf_n4 ] [info ] TIME-OUT event timer id 190
[2021-09-18T04:58:27.384502] [smf] [smf_n4 ] [info ] PFCP HEARTBEAT PROCEDURE hash 2252777664 starting
[2021-09-18T04:58:27.384919] [smf] [smf_n4 ] [info ] handle_receive(16 bytes)
[2021-09-18T04:58:32.342744] [smf] [smf_n4 ] [info ] TIME-OUT event timer id 194
[2021-09-18T04:58:32.384787] [smf] [smf_n4 ] [info ] TIME-OUT event timer id 198
[2021-09-18T04:58:36.361524] [smf] [smf_app] [info ] TIME-OUT event timer id 191
[2021-09-18T04:58:37.343352] [smf] [smf_n4 ] [info ] TIME-OUT event timer id 195
[2021-09-18T04:58:37.343389] [smf] [smf_n4 ] [info ] PFCP HEARTBEAT PROCEDURE hash 2252777664 starting
[2021-09-18T04:58:37.343985] [smf] [smf_n4 ] [info ] handle_receive(16 bytes)
[2021-09-18T04:58:37.385233] [smf] [smf_n4 ] [info ] TIME-OUT event timer id 199
[2021-09-18T04:58:37.385271] [smf] [smf_n4 ] [info ] PFCP HEARTBEAT PROCEDURE hash 2252777664 starting
[2021-09-18T04:58:37.385731] [smf] [smf_n4 ] [info ] handle_receive(16 bytes)
[2021-09-18T04:58:42.343755] [smf] [smf_n4 ] [info ] TIME-OUT event timer id 203
[2021-09-18T04:58:42.385597] [smf] [smf_n4 ] [info ] TIME-OUT event timer id 207
[2021-09-18T04:58:46.361861] [smf] [smf_app] [info ] TIME-OUT event timer id 200
[2021-09-18T04:58:47.344367] [smf] [smf_n4 ] [info ] TIME-OUT event timer id 204
[2021-09-18T04:58:47.344402] [smf] [smf_n4 ] [info ] PFCP HEARTBEAT PROCEDURE hash 2252777664 starting
[2021-09-18T04:58:47.344977] [smf] [smf_n4 ] [info ] handle_receive(16 bytes)
[2021-09-18T04:58:47.386057] [smf] [smf_n4 ] [info ] TIME-OUT event timer id 208
[2021-09-18T04:58:47.386091] [smf] [smf_n4 ] [info ] PFCP HEARTBEAT PROCEDURE hash 2252777664 starting
[2021-09-18T04:58:47.386523] [smf] [smf_n4 ] [info ] handle_receive(16 bytes)
[2021-09-18T04:58:52.344739] [smf] [smf_n4 ] [info ] TIME-OUT event timer id 212
[2021-09-18T04:58:52.386415] [smf] [smf_n4 ] [info ] TIME-OUT event timer id 216
[2021-09-18T04:58:56.362188] [smf] [smf_app] [info ] TIME-OUT event timer id 209
[2021-09-18T04:58:57.345343] [smf] [smf_n4 ] [info ] TIME-OUT event timer id 213
[2021-09-18T04:58:57.345379] [smf] [smf_n4 ] [info ] PFCP HEARTBEAT PROCEDURE hash 2252777664 starting
[2021-09-18T04:58:57.345973] [smf] [smf_n4 ] [info ] handle_receive(16 bytes)
[2021-09-18T04:58:57.386821] [smf] [smf_n4 ] [info ] TIME-OUT event timer id 217
[2021-09-18T04:58:57.386858] [smf] [smf_n4 ] [info ] PFCP HEARTBEAT PROCEDURE hash 2252777664 starting
[2021-09-18T04:58:57.387291] [smf] [smf_n4 ] [info ] handle_receive(16 bytes)
[2021-09-18T04:59:02.345739] [smf] [smf_n4 ] [info ] TIME-OUT event timer id 221
[2021-09-18T04:59:02.387158] [smf] [smf_n4 ] [info ] TIME-OUT event timer id 225
[2021-09-18T04:59:06.362563] [smf] [smf_app] [info ] TIME-OUT event timer id 218
[2021-09-18T04:59:07.346303] [smf] [smf_n4 ] [info ] TIME-OUT event timer id 222
[2021-09-18T04:59:07.346337] [smf] [smf_n4 ] [info ] PFCP HEARTBEAT PROCEDURE hash 2252777664 starting
[2021-09-18T04:59:07.346909] [smf] [smf_n4 ] [info ] handle_receive(16 bytes)
[2021-09-18T04:59:07.387626] [smf] [smf_n4 ] [info ] TIME-OUT event timer id 226
[2021-09-18T04:59:07.387661] [smf] [smf_n4 ] [info ] PFCP HEARTBEAT PROCEDURE hash 2252777664 starting
[2021-09-18T04:59:07.388086] [smf] [smf_n4 ] [info ] handle_receive(16 bytes)
[2021-09-18T04:59:12.346613] [smf] [smf_n4 ] [info ] TIME-OUT event timer id 230
[2021-09-18T04:59:12.387882] [smf] [smf_n4 ] [info ] TIME-OUT event timer id 234
[2021-09-18T04:59:16.362933] [smf] [smf_app] [info ] TIME-OUT event timer id 227
[2021-09-18T04:59:17.347254] [smf] [smf_n4 ] [info ] TIME-OUT event timer id 231
[2021-09-18T04:59:17.347290] [smf] [smf_n4 ] [info ] PFCP HEARTBEAT PROCEDURE hash 2252777664 starting
[2021-09-18T04:59:17.347870] [smf] [smf_n4 ] [info ] handle_receive(16 bytes)
[2021-09-18T04:59:17.388437] [smf] [smf_n4 ] [info ] TIME-OUT event timer id 235
[2021-09-18T04:59:17.388471] [smf] [smf_n4 ] [info ] PFCP HEARTBEAT PROCEDURE hash 2252777664 starting
[2021-09-18T04:59:17.388898] [smf] [smf_n4 ] [info ] handle_receive(16 bytes)
[2021-09-18T04:59:22.347655] [smf] [smf_n4 ] [info ] TIME-OUT event timer id 239
[2021-09-18T04:59:22.388751] [smf] [smf_n4 ] [info ] TIME-OUT event timer id 243
[2021-09-18T04:59:26.363182] [smf] [smf_app] [info ] TIME-OUT event timer id 236
[2021-09-18T04:59:27.348233] [smf] [smf_n4 ] [info ] TIME-OUT event timer id 240
[2021-09-18T04:59:27.348268] [smf] [smf_n4 ] [info ] PFCP HEARTBEAT PROCEDURE hash 2252777664 starting
[2021-09-18T04:59:27.348871] [smf] [smf_n4 ] [info ] handle_receive(16 bytes)
[2021-09-18T04:59:27.389238] [smf] [smf_n4 ] [info ] TIME-OUT event timer id 244
[2021-09-18T04:59:27.389272] [smf] [smf_n4 ] [info ] PFCP HEARTBEAT PROCEDURE hash 2252777664 starting
[2021-09-18T04:59:27.389713] [smf] [smf_n4 ] [info ] handle_receive(16 bytes)
[2021-09-18T04:59:32.348675] [smf] [smf_n4 ] [info ] TIME-OUT event timer id 248
[2021-09-18T04:59:32.389583] [smf] [smf_n4 ] [info ] TIME-OUT event timer id 252
[2021-09-18T04:59:36.363525] [smf] [smf_app] [info ] TIME-OUT event timer id 245
[2021-09-18T04:59:37.349225] [smf] [smf_n4 ] [info ] TIME-OUT event timer id 249
[2021-09-18T04:59:37.349262] [smf] [smf_n4 ] [info ] PFCP HEARTBEAT PROCEDURE hash 2252777664 starting
[2021-09-18T04:59:37.349816] [smf] [smf_n4 ] [info ] handle_receive(16 bytes)
[2021-09-18T04:59:37.390012] [smf] [smf_n4 ] [info ] TIME-OUT event timer id 253
[2021-09-18T04:59:37.390047] [smf] [smf_n4 ] [info ] PFCP HEARTBEAT PROCEDURE hash 2252777664 starting
[2021-09-18T04:59:37.390463] [smf] [smf_n4 ] [info ] handle_receive(16 bytes)
[2021-09-18T04:59:42.349648] [smf] [smf_n4 ] [info ] TIME-OUT event timer id 257
[2021-09-18T04:59:42.390333] [smf] [smf_n4 ] [info ] TIME-OUT event timer id 261
[2021-09-18T04:59:46.363865] [smf] [smf_app] [info ] TIME-OUT event timer id 254
[2021-09-18T04:59:47.350143] [smf] [smf_n4 ] [info ] TIME-OUT event timer id 258
[2021-09-18T04:59:47.350179] [smf] [smf_n4 ] [info ] PFCP HEARTBEAT PROCEDURE hash 2252777664 starting
[2021-09-18T04:59:47.350791] [smf] [smf_n4 ] [info ] handle_receive(16 bytes)
[2021-09-18T04:59:47.390806] [smf] [smf_n4 ] [info ] TIME-OUT event timer id 262
[2021-09-18T04:59:47.390841] [smf] [smf_n4 ] [info ] PFCP HEARTBEAT PROCEDURE hash 2252777664 starting
[2021-09-18T04:59:47.391333] [smf] [smf_n4 ] [info ] handle_receive(16 bytes)
[2021-09-18T04:59:52.350601] [smf] [smf_n4 ] [info ] TIME-OUT event timer id 266
[2021-09-18T04:59:52.391198] [smf] [smf_n4 ] [info ] TIME-OUT event timer id 270
[2021-09-18T04:59:56.364209] [smf] [smf_app] [info ] TIME-OUT event timer id 263
[2021-09-18T04:59:57.351148] [smf] [smf_n4 ] [info ] TIME-OUT event timer id 267
[2021-09-18T04:59:57.351184] [smf] [smf_n4 ] [info ] PFCP HEARTBEAT PROCEDURE hash 2252777664 starting
[2021-09-18T04:59:57.351783] [smf] [smf_n4 ] [info ] handle_receive(16 bytes)
[2021-09-18T04:59:57.391630] [smf] [smf_n4 ] [info ] TIME-OUT event timer id 271
[2021-09-18T04:59:57.391667] [smf] [smf_n4 ] [info ] PFCP HEARTBEAT PROCEDURE hash 2252777664 starting
[2021-09-18T04:59:57.392114] [smf] [smf_n4 ] [info ] handle_receive(16 bytes)
[2021-09-18T05:00:02.351544] [smf] [smf_n4 ] [info ] TIME-OUT event timer id 275
[2021-09-18T05:00:02.391939] [smf] [smf_n4 ] [info ] TIME-OUT event timer id 279
[2021-09-18T05:00:06.364561] [smf] [smf_app] [info ] TIME-OUT event timer id 272
[2021-09-18T05:00:07.352070] [smf] [smf_n4 ] [info ] TIME-OUT event timer id 276
[2021-09-18T05:00:07.352104] [smf] [smf_n4 ] [info ] PFCP HEARTBEAT PROCEDURE hash 2252777664 starting
[2021-09-18T05:00:07.352643] [smf] [smf_n4 ] [info ] handle_receive(16 bytes)
[2021-09-18T05:00:07.392460] [smf] [smf_n4 ] [info ] TIME-OUT event timer id 280
[2021-09-18T05:00:07.392496] [smf] [smf_n4 ] [info ] PFCP HEARTBEAT PROCEDURE hash 2252777664 starting
[2021-09-18T05:00:07.392950] [smf] [smf_n4 ] [info ] handle_receive(16 bytes)
[2021-09-18T05:00:12.352464] [smf] [smf_n4 ] [info ] TIME-OUT event timer id 284
[2021-09-18T05:00:12.392794] [smf] [smf_n4 ] [info ] TIME-OUT event timer id 288
[2021-09-18T05:00:16.364896] [smf] [smf_app] [info ] TIME-OUT event timer id 281
[2021-09-18T05:00:17.353003] [smf] [smf_n4 ] [info ] TIME-OUT event timer id 285
[2021-09-18T05:00:17.353039] [smf] [smf_n4 ] [info ] PFCP HEARTBEAT PROCEDURE hash 2252777664 starting
[2021-09-18T05:00:17.353613] [smf] [smf_n4 ] [info ] handle_receive(16 bytes)
[2021-09-18T05:00:17.393257] [smf] [smf_n4 ] [info ] TIME-OUT event timer id 289
[2021-09-18T05:00:17.393293] [smf] [smf_n4 ] [info ] PFCP HEARTBEAT PROCEDURE hash 2252777664 starting
[2021-09-18T05:00:17.393711] [smf] [smf_n4 ] [info ] handle_receive(16 bytes)
[2021-09-18T05:00:22.353395] [smf] [smf_n4 ] [info ] TIME-OUT event timer id 293
[2021-09-18T05:00:22.393596] [smf] [smf_n4 ] [info ] TIME-OUT event timer id 297
[2021-09-18T05:00:26.365217] [smf] [smf_app] [info ] TIME-OUT event timer id 290
[2021-09-18T05:00:27.353937] [smf] [smf_n4 ] [info ] TIME-OUT event timer id 294
[2021-09-18T05:00:27.353972] [smf] [smf_n4 ] [info ] PFCP HEARTBEAT PROCEDURE hash 2252777664 starting
[2021-09-18T05:00:27.354550] [smf] [smf_n4 ] [info ] handle_receive(16 bytes)
[2021-09-18T05:00:27.394009] [smf] [smf_n4 ] [info ] TIME-OUT event timer id 298
[2021-09-18T05:00:27.394044] [smf] [smf_n4 ] [info ] PFCP HEARTBEAT PROCEDURE hash 2252777664 starting
[2021-09-18T05:00:27.394486] [smf] [smf_n4 ] [info ] handle_receive(16 bytes)
[2021-09-18T05:00:32.354329] [smf] [smf_n4 ] [info ] TIME-OUT event timer id 302
[2021-09-18T05:00:32.394339] [smf] [smf_n4 ] [info ] TIME-OUT event timer id 306
[2021-09-18T05:00:36.365579] [smf] [smf_app] [info ] TIME-OUT event timer id 299
[2021-09-18T05:00:37.354921] [smf] [smf_n4 ] [info ] TIME-OUT event timer id 303
[2021-09-18T05:00:37.354956] [smf] [smf_n4 ] [info ] PFCP HEARTBEAT PROCEDURE hash 2252777664 starting
[2021-09-18T05:00:37.355538] [smf] [smf_n4 ] [info ] handle_receive(16 bytes)
[2021-09-18T05:00:37.394815] [smf] [smf_n4 ] [info ] TIME-OUT event timer id 307
[2021-09-18T05:00:37.394851] [smf] [smf_n4 ] [info ] PFCP HEARTBEAT PROCEDURE hash 2252777664 starting
[2021-09-18T05:00:37.395333] [smf] [smf_n4 ] [info ] handle_receive(16 bytes)
[2021-09-18T05:00:42.355310] [smf] [smf_n4 ] [info ] TIME-OUT event timer id 311
[2021-09-18T05:00:42.395179] [smf] [smf_n4 ] [info ] TIME-OUT event timer id 315
[2021-09-18T05:00:46.365965] [smf] [smf_app] [info ] TIME-OUT event timer id 308
[2021-09-18T05:00:47.355894] [smf] [smf_n4 ] [info ] TIME-OUT event timer id 312
[2021-09-18T05:00:47.355932] [smf] [smf_n4 ] [info ] PFCP HEARTBEAT PROCEDURE hash 2252777664 starting
[2021-09-18T05:00:47.356528] [smf] [smf_n4 ] [info ] handle_receive(16 bytes)
[2021-09-18T05:00:47.395632] [smf] [smf_n4 ] [info ] TIME-OUT event timer id 316
[2021-09-18T05:00:47.395669] [smf] [smf_n4 ] [info ] PFCP HEARTBEAT PROCEDURE hash 2252777664 starting
[2021-09-18T05:00:47.396091] [smf] [smf_n4 ] [info ] handle_receive(16 bytes)
[2021-09-18T05:00:52.356327] [smf] [smf_n4 ] [info ] TIME-OUT event timer id 320
[2021-09-18T05:00:52.395952] [smf] [smf_n4 ] [info ] TIME-OUT event timer id 324
