Now setting these variables '@AMF_INTERFACE_NAME_FOR_N11@ @AMF_INTERFACE_NAME_FOR_NGAP@ @AMF_SET_ID@ @AUSF_API_VERSION@ @AUSF_IPV4_ADDRESS@ @AUSF_PORT@ @INSTANCE@ @MCC@ @MNC@ @MYSQL_DB@ @MYSQL_PASS@ @MYSQL_SERVER@ @MYSQL_USER@ @NRF_API_VERSION@ @NRF_IPV4_ADDRESS@ @NRF_PORT@ @OPERATOR_KEY@ @PID_DIRECTORY@ @PLMN_SUPPORT_MCC@ @PLMN_SUPPORT_MNC@ @PLMN_SUPPORT_TAC@ @REGION_ID@ @SD_0@ @SD_1@ @SERVED_GUAMI_AMF_SET_ID_0@ @SERVED_GUAMI_AMF_SET_ID_1@ @SERVED_GUAMI_MCC_0@ @SERVED_GUAMI_MCC_1@ @SERVED_GUAMI_MNC_0@ @SERVED_GUAMI_MNC_1@ @SERVED_GUAMI_REGION_ID_0@ @SERVED_GUAMI_REGION_ID_1@ @SMF_HTTP_VERSION_0@ @SMF_HTTP_VERSION_1@ @SMF_INSTANCE_ID_0@ @SMF_INSTANCE_ID_1@ @SMF_IPV4_ADDR_0@ @SMF_IPV4_ADDR_1@ @SST_0@ @SST_1@'
Done setting the configuration
[2021-03-17T23:41:06.536332] [AMF] [amf_app] [start] Options parsed!
[2021-03-17T23:41:06.537633] [AMF] [configurations] [info ] ======================    AMF   =====================
[2021-03-17T23:41:06.537646] [AMF] [configurations] [info ] Configuration AMF:
[2021-03-17T23:41:06.537650] [AMF] [configurations] [info ] - Instance ................: 0
[2021-03-17T23:41:06.537654] [AMF] [configurations] [info ] - PID dir .................: /var/run
[2021-03-17T23:41:06.537657] [AMF] [configurations] [info ] - AMF NAME.................: OAI-AMF
[2021-03-17T23:41:06.537661] [AMF] [configurations] [info ] - GUAMI (MCC, MNC, Region ID, AMF Set ID, AMF pointer): 
[2021-03-17T23:41:06.537665] [AMF] [configurations] [info ]    (208, 95, 128, 1, 1 )
[2021-03-17T23:41:06.537669] [AMF] [configurations] [info ] - Served_Guami_List .......: 
[2021-03-17T23:41:06.537673] [AMF] [configurations] [info ]    (208, 95, 128 , 1, 0)
[2021-03-17T23:41:06.537676] [AMF] [configurations] [info ]    (460, 11, 10 , 1, 1)
[2021-03-17T23:41:06.537680] [AMF] [configurations] [info ] - Relative Capacity .......: 30
[2021-03-17T23:41:06.537683] [AMF] [configurations] [info ] - PLMN Support ............: 
[2021-03-17T23:41:06.537686] [AMF] [configurations] [info ]        MCC, MNC ...........: 208, 95
[2021-03-17T23:41:06.537690] [AMF] [configurations] [info ]        TAC ................: 40960
[2021-03-17T23:41:06.537693] [AMF] [configurations] [info ]        Slice Support ......:
[2021-03-17T23:41:06.537697] [AMF] [configurations] [info ]            SST, SD ........: 222, 123
[2021-03-17T23:41:06.537700] [AMF] [configurations] [info ]            SST, SD ........: 1, 12
[2021-03-17T23:41:06.537704] [AMF] [configurations] [info ] - Emergency Support .......: false
[2021-03-17T23:41:06.537708] [AMF] [configurations] [info ] - MySQL Server Addr .......: 192.168.70.131
[2021-03-17T23:41:06.537711] [AMF] [configurations] [info ] - MySQL user ..............: root
[2021-03-17T23:41:06.537715] [AMF] [configurations] [info ] - MySQL pass ..............: linux
[2021-03-17T23:41:06.537719] [AMF] [configurations] [info ] - MySQL DB ................: oai_db
[2021-03-17T23:41:06.537722] [AMF] [configurations] [info ] - operator key ............: 63bfa50ee6523365ff14c1f45f88737d
[2021-03-17T23:41:06.537726] [AMF] [configurations] [info ] - random ..................: true
[2021-03-17T23:41:06.537730] [AMF] [configurations] [info ] - N2 Networking:
[2021-03-17T23:41:06.537733] [AMF] [configurations] [info ]     iface .................: eth0
[2021-03-17T23:41:06.537738] [AMF] [configurations] [info ]     ip ....................: 192.168.70.132
[2021-03-17T23:41:06.537742] [AMF] [configurations] [info ]     port ..................: 38412
[2021-03-17T23:41:06.537746] [AMF] [configurations] [info ] - SBI Networking:
[2021-03-17T23:41:06.537749] [AMF] [configurations] [info ]     iface .................: eth0
[2021-03-17T23:41:06.537753] [AMF] [configurations] [info ]     ip ....................: 192.168.70.132
[2021-03-17T23:41:06.537758] [AMF] [configurations] [info ]     port ..................: 80
[2021-03-17T23:41:06.537761] [AMF] [configurations] [info ]     API version............: v1
[2021-03-17T23:41:06.537765] [AMF] [configurations] [info ] - NRF:
[2021-03-17T23:41:06.537769] [AMF] [configurations] [info ]     IP addr ...............: 192.168.70.130
[2021-03-17T23:41:06.537773] [AMF] [configurations] [info ]     Port ..................: 80
[2021-03-17T23:41:06.537777] [AMF] [configurations] [info ]     Api version ...........: v1
[2021-03-17T23:41:06.537780] [AMF] [configurations] [info ] - Remote SMF Pool.........: 
[2021-03-17T23:41:06.537785] [AMF] [configurations] [info ]     SMF_INSTANCE_ID 1 (0.0.0.0:80, version v1) is selected: true
[2021-03-17T23:41:06.537790] [AMF] [configurations] [info ]     SMF_INSTANCE_ID 2 (0.0.0.0:80, version v1) is selected: false
[2021-03-17T23:41:06.537794] [AMF] [configurations] [info ] - Supported Features:
[2021-03-17T23:41:06.537798] [AMF] [configurations] [info ]     NF Registration .......: No
[2021-03-17T23:41:06.537801] [AMF] [configurations] [info ]     SMF Selection .........: Yes
[2021-03-17T23:41:06.537805] [AMF] [configurations] [info ]     External AUSF .........: No
[2021-03-17T23:41:06.537808] [AMF] [configurations] [info ]     External UDM ..........: No
[2021-03-17T23:41:06.538430] [AMF] [configurations] [info ] ============    AMF Registered Modules   ============
[2021-03-17T23:41:06.538438] [AMF] [configurations] [info ] NGAP Message Modules:
[2021-03-17T23:41:06.538442] [AMF] [configurations] [info ] - NGSetupRequest(Procedure code 21, Type of Msg 1)

[2021-03-17T23:41:06.538489] [AMF] [itti   ] [start] Starting...
[2021-03-17T23:41:06.538725] [AMF] [itti   ] [start] Started
[2021-03-17T23:41:06.538735] [AMF] [itti   ] [info ] Starting timer_manager_task
[2021-03-17T23:41:06.538811] [AMF] [amf_app] [start] Creating AMF application functionality layer
[2021-03-17T23:41:06.538824] [AMF] [itti   ] [warn ] Could not set schedparam to ITTI task 0, err=1
[2021-03-17T23:41:06.541368] [AMF] [amf_n1 ] [start] amf_n1 started
[2021-03-17T23:41:06.541409] [AMF] [sctp   ] [info ] Created socket (3)
[2021-03-17T23:41:06.541620] [AMF] [ngap   ] [info ] Set N2 AMF IPv4 Addr, port: 192.168.70.132, 38412
[2021-03-17T23:41:06.541628] [AMF] [sctp   ] [info ] Create pthread to receive sctp message
[2021-03-17T23:41:06.542848] [AMF] [amf_n2 ] [start] amf_n2 started
[2021-03-17T23:41:06.544144] [AMF] [amf_n11] [start] amf_n11 started
[2021-03-17T23:41:06.544179] [AMF] [amf_app] [start] Started timer (1)
[2021-03-17T23:41:06.544188] [AMF] [amf_app] [info ] Initiating all registered modules
[2021-03-17T23:41:26.544398] [AMF] [amf_app] [info ] 
[2021-03-17T23:41:26.544439] [AMF] [amf_app] [info ] |----------------------------------------------------------------------------------------------------------------|
[2021-03-17T23:41:26.544448] [AMF] [amf_app] [info ] |----------------------------------------------------gNBs' information-------------------------------------------|
[2021-03-17T23:41:26.544454] [AMF] [amf_app] [info ] |    Index    |      Status      |       Global ID       |       gNB Name       |               PLMN             |
[2021-03-17T23:41:26.544459] [AMF] [amf_app] [info ] |      -      |          -       |           -           |           -          |               -                |
[2021-03-17T23:41:26.544464] [AMF] [amf_app] [info ] |----------------------------------------------------------------------------------------------------------------|
[2021-03-17T23:41:26.544469] [AMF] [amf_app] [info ] 
[2021-03-17T23:41:26.544473] [AMF] [amf_app] [info ] |----------------------------------------------------------------------------------------------------------------|
[2021-03-17T23:41:26.544477] [AMF] [amf_app] [info ] |----------------------------------------------------UEs' information--------------------------------------------|
[2021-03-17T23:41:26.544481] [AMF] [amf_app] [info ] | Index |      5GMM state      |      IMSI        |     GUTI      | RAN UE NGAP ID | AMF UE ID |  PLMN   |Cell ID|
[2021-03-17T23:41:26.544486] [AMF] [amf_app] [info ] |----------------------------------------------------------------------------------------------------------------|
[2021-03-17T23:41:26.544490] [AMF] [amf_app] [info ] 
[2021-03-17T23:41:46.544526] [AMF] [amf_app] [info ] 
[2021-03-17T23:41:46.544563] [AMF] [amf_app] [info ] |----------------------------------------------------------------------------------------------------------------|
[2021-03-17T23:41:46.544568] [AMF] [amf_app] [info ] |----------------------------------------------------gNBs' information-------------------------------------------|
[2021-03-17T23:41:46.544572] [AMF] [amf_app] [info ] |    Index    |      Status      |       Global ID       |       gNB Name       |               PLMN             |
[2021-03-17T23:41:46.544576] [AMF] [amf_app] [info ] |      -      |          -       |           -           |           -          |               -                |
[2021-03-17T23:41:46.544579] [AMF] [amf_app] [info ] |----------------------------------------------------------------------------------------------------------------|
[2021-03-17T23:41:46.544583] [AMF] [amf_app] [info ] 
[2021-03-17T23:41:46.544586] [AMF] [amf_app] [info ] |----------------------------------------------------------------------------------------------------------------|
[2021-03-17T23:41:46.544590] [AMF] [amf_app] [info ] |----------------------------------------------------UEs' information--------------------------------------------|
[2021-03-17T23:41:46.544593] [AMF] [amf_app] [info ] | Index |      5GMM state      |      IMSI        |     GUTI      | RAN UE NGAP ID | AMF UE ID |  PLMN   |Cell ID|
[2021-03-17T23:41:46.544597] [AMF] [amf_app] [info ] |----------------------------------------------------------------------------------------------------------------|
[2021-03-17T23:41:46.544600] [AMF] [amf_app] [info ] 
[2021-03-17T23:42:06.544640] [AMF] [amf_app] [info ] 
[2021-03-17T23:42:06.544677] [AMF] [amf_app] [info ] |----------------------------------------------------------------------------------------------------------------|
[2021-03-17T23:42:06.544682] [AMF] [amf_app] [info ] |----------------------------------------------------gNBs' information-------------------------------------------|
[2021-03-17T23:42:06.544686] [AMF] [amf_app] [info ] |    Index    |      Status      |       Global ID       |       gNB Name       |               PLMN             |
[2021-03-17T23:42:06.544690] [AMF] [amf_app] [info ] |      -      |          -       |           -           |           -          |               -                |
[2021-03-17T23:42:06.544694] [AMF] [amf_app] [info ] |----------------------------------------------------------------------------------------------------------------|
[2021-03-17T23:42:06.544697] [AMF] [amf_app] [info ] 
[2021-03-17T23:42:06.544700] [AMF] [amf_app] [info ] |----------------------------------------------------------------------------------------------------------------|
[2021-03-17T23:42:06.544704] [AMF] [amf_app] [info ] |----------------------------------------------------UEs' information--------------------------------------------|
[2021-03-17T23:42:06.544707] [AMF] [amf_app] [info ] | Index |      5GMM state      |      IMSI        |     GUTI      | RAN UE NGAP ID | AMF UE ID |  PLMN   |Cell ID|
[2021-03-17T23:42:06.544710] [AMF] [amf_app] [info ] |----------------------------------------------------------------------------------------------------------------|
[2021-03-17T23:42:06.544714] [AMF] [amf_app] [info ] 
[2021-03-17T23:42:14.790589] [AMF] [sctp   ] [info ] ----------------------
[2021-03-17T23:42:14.790628] [AMF] [sctp   ] [info ] Local addresses:
[2021-03-17T23:42:14.790641] [AMF] [sctp   ] [info ]     - Addr: ::ffff:192.168.70.132
[2021-03-17T23:42:14.790666] [AMF] [sctp   ] [info ] ----------------------
[2021-03-17T23:42:14.790670] [AMF] [sctp   ] [info ] Peer addresses:
[2021-03-17T23:42:14.790674] [AMF] [sctp   ] [info ]     - Addr: ::ffff:192.168.18.184
[2021-03-17T23:42:14.790678] [AMF] [sctp   ] [info ] ----------------------
[2021-03-17T23:42:14.800946] [AMF] [sctp   ] [info ] ****[Assoc_id 2654, Socket 19] Received a msg (length 98) from port 47264, on stream 0, PPID 60 ****
Received TAC: 40960
Received TAC: 40961
[2021-03-17T23:42:14.803028] [AMF] [amf_n2 ] [info ] Received NGSetupRequest message, handling
ServedGUAMIList::numberOfservedGUAMIItem	(2)
mcc = 208  mnc = 95
PLMNSupportList::numberOfplmnsupportItemItem	(1)
PLMNSupportItem::numOfSnssai	2
er.encoded(512)
[2021-03-17T23:42:16.832769] [AMF] [sctp   ] [info ] ****[Assoc_id 2654, Socket 19] Received a msg (length 65) from port 47264, on stream 0, PPID 60 ****
[LibNGAP]Received RanUeNgapId 1
[InitialUeMessage] Received RanUeNgapId 1
Received TAC: 40960
[2021-03-17T23:42:16.833528] [AMF] [amf_n2 ] [info ] Received INITIAL_UE_MESSAGE message, handling
[2021-03-17T23:42:16.833808] [AMF] [amf_n1 ] [info ] Received UL_NAS_DATA_IND
[2021-03-17T23:42:16.833871] [AMF] [amf_n1 ] [warn ] No existing nas_context with amf_ue_ngap_id 0x1
[2021-03-17T23:42:16.834039] [AMF] [amf_n1 ] [info ] Try to find ue_context in amf_app using ran_amf_id (app_ue_ranid_1:amfid_1)
[2021-03-17T23:42:16.834103] [AMF] [amf_n1 ] [info ] Associating IMSI (imsi-208950000000031) with nas_context (0x61600000ff80)
83 a0 49 53 dd 7 a 3a 77 a6 82 c1 2f 54 90 70 
83 33 76 ca 37 e9 10 8c 89 b1 d7 ae e1 5 cc d7 
83 a0 49 53 dd 7 a 3a 77 a6 82 c1 2f 54 90 70 
1f 98 12 30 8e 73 c0 95 15 1a b3 54 58 9f 1c cf 
9f 36 f3 92 7b 56 d1 1f 2f fe 2a b9 17 f0 75 9 
6a 13 e2 18 41 b2 48 f2 60 91 43 7c 97 5e 94 ad 
0xec15d83d261a3e38fbb1261974beb056
[2021-03-17T23:42:16.850529] [AMF] [nas_mm ] [warn ] IE ie_eap_message is not available
[2021-03-17T23:42:16.850620] [AMF] [amf_n2 ] [info ] Encoding DOWNLINK NAS TRANSPORT message, sending 
er.encoded(528)
[2021-03-17T23:42:16.851776] [AMF] [sctp   ] [info ] ****[Assoc_id 2654, Socket 19] Received a msg (length 64) from port 47264, on stream 0, PPID 60 ****
[LibNGAP]Received RanUeNgapId 1
Received TAC: 40960
[2021-03-17T23:42:16.852370] [AMF] [amf_n2 ] [info ] Received UPLINK_NAS_TRANSPORT message, handling
[2021-03-17T23:42:16.852483] [AMF] [amf_n1 ] [info ] Received UL_NAS_DATA_IND
[2021-03-17T23:42:16.852518] [AMF] [amf_n1 ] [info ] Found nas_context(0x61600000ff80) with amf_ue_ngap_id (0x1)
amf_nea: 0x0
amf_nia: 0x1
[2021-03-17T23:42:16.852622] [AMF] [nas_mm ] [warn ] IE ie_eps_nas_security_algorithms is not available
[2021-03-17T23:42:16.852630] [AMF] [nas_mm ] [warn ] IE ie_eap_message is not available
[2021-03-17T23:42:16.852635] [AMF] [nas_mm ] [warn ] IE ie_abba is not available
[2021-03-17T23:42:16.852639] [AMF] [nas_mm ] [warn ] IE ie_s1_ue_security_capability is not available
[2021-03-17T23:42:16.852851] [AMF] [amf_n2 ] [info ] Encoding DOWNLINK NAS TRANSPORT message, sending 
er.encoded(344)
[2021-03-17T23:42:16.854022] [AMF] [sctp   ] [info ] ****[Assoc_id 2654, Socket 19] Received a msg (length 109) from port 47264, on stream 0, PPID 60 ****
[LibNGAP]Received RanUeNgapId 1
Received TAC: 40960
[2021-03-17T23:42:16.854593] [AMF] [amf_n2 ] [info ] Received UPLINK_NAS_TRANSPORT message, handling
[2021-03-17T23:42:16.854664] [AMF] [amf_n1 ] [info ] Received UL_NAS_DATA_IND
[2021-03-17T23:42:16.854904] [AMF] [amf_n1 ] [info ] Found ue_context (0x61200002bfc0) in amf_app using ran_amf_id (app_ue_ranid_1:amfid_1)
amfRegionID: 128
[2021-03-17T23:42:16.855064] [AMF] [nas_mm ] [warn ] IE ie_equivalent_plmns is not available
[2021-03-17T23:42:16.855072] [AMF] [nas_mm ] [warn ] IE ie_rejected_nssai is not available
[2021-03-17T23:42:16.855076] [AMF] [nas_mm ] [warn ] IE ie_configured_nssai is not available
[2021-03-17T23:42:16.855080] [AMF] [nas_mm ] [warn ] IE ie_PDU_session_status is not available
[2021-03-17T23:42:16.855085] [AMF] [nas_mm ] [warn ] IE ie_pdu_session_reactivation_result is not available
[2021-03-17T23:42:16.855089] [AMF] [nas_mm ] [warn ] IE ie_pdu_session_reactivation_result_error_cause is not available
[2021-03-17T23:42:16.855094] [AMF] [nas_mm ] [warn ] IE ie_MICO_indicationl is not available
[2021-03-17T23:42:16.855098] [AMF] [nas_mm ] [warn ] IE ie_network_slicing_indication is not available
[2021-03-17T23:42:16.855102] [AMF] [nas_mm ] [warn ] IE ie_Non_3GPP_de_registration_timer_value is not available
[2021-03-17T23:42:16.855105] [AMF] [nas_mm ] [warn ] IE ie_T3502_value is not available
[2021-03-17T23:42:16.855109] [AMF] [nas_mm ] [warn ] IE ie_sor_transparent_container is not available
[2021-03-17T23:42:16.855113] [AMF] [nas_mm ] [warn ] IE ie_eap_message is not available
[2021-03-17T23:42:16.855117] [AMF] [nas_mm ] [warn ] IE ie_nssai_inclusion_mode is not available
[2021-03-17T23:42:16.855122] [AMF] [nas_mm ] [warn ] IE ie_negotiated_drx_parameters is not available
[2021-03-17T23:42:16.855126] [AMF] [nas_mm ] [warn ] IE ie_non_3gpp_nw_policies is not available
[2021-03-17T23:42:16.855132] [AMF] [nas_mm ] [warn ] IE ie_eps_bearer_context_status is not available
[2021-03-17T23:42:16.855136] [AMF] [nas_mm ] [warn ] IE ie_extended_drx_parameters is not available
[2021-03-17T23:42:16.855141] [AMF] [nas_mm ] [warn ] IE ie_T3447_value is not available
[2021-03-17T23:42:16.855145] [AMF] [nas_mm ] [warn ] IE ie_T3448_value is not available
[2021-03-17T23:42:16.855150] [AMF] [nas_mm ] [warn ] IE ie_T3324_value is not available
[2021-03-17T23:42:16.855154] [AMF] [nas_mm ] [warn ] IE ie_ue_radio_capability_id is not available
[2021-03-17T23:42:16.855158] [AMF] [nas_mm ] [warn ] IE ie_pending_nssai is not available
[2021-03-17T23:42:16.855170] [AMF] [amf_n1 ] [info ] UE (IMSI 208950000000031, GUTI 20895128111, current RAN ID 1, current AMF ID 1) has been registered to the network
[2021-03-17T23:42:16.855415] [AMF] [amf_n2 ] [info ] Encoding INITIAL CONTEXT SETUP REQUEST message, sending 
AllowedNSSAI::numOfSnssai	1
er.encoded(1120)
[2021-03-17T23:42:16.856896] [AMF] [sctp   ] [info ] ****[Assoc_id 2654, Socket 19] Received a msg (length 19) from port 47264, on stream 0, PPID 60 ****
[LibNGAP]Received RanUeNgapId 1
[2021-03-17T23:42:16.856967] [AMF] [ngap   ] [error] Decode PduSessionResourceSetupResponseList IE error or this IE is not available
[2021-03-17T23:42:16.866941] [AMF] [sctp   ] [info ] ****[Assoc_id 2654, Socket 19] Received a msg (length 53) from port 47264, on stream 0, PPID 60 ****
[LibNGAP]Received RanUeNgapId 1
Received TAC: 40960
[2021-03-17T23:42:16.867449] [AMF] [amf_n2 ] [info ] Received UPLINK_NAS_TRANSPORT message, handling
[2021-03-17T23:42:16.867525] [AMF] [amf_n1 ] [info ] Received UL_NAS_DATA_IND
[2021-03-17T23:42:18.857948] [AMF] [sctp   ] [info ] ****[Assoc_id 2654, Socket 19] Received a msg (length 83) from port 47264, on stream 0, PPID 60 ****
[LibNGAP]Received RanUeNgapId 1
Received TAC: 40960
[2021-03-17T23:42:18.858656] [AMF] [amf_n2 ] [info ] Received UPLINK_NAS_TRANSPORT message, handling
[2021-03-17T23:42:18.858742] [AMF] [amf_n1 ] [info ] Received UL_NAS_DATA_IND
[2021-03-17T23:42:18.859077] [AMF] [amf_n11] [info ] Running SMF_SERVICES_CONSUMER
[2021-03-17T23:42:18.859130] [AMF] [amf_n11] [info ] Find ue_context in amf_app using UE Context Key: app_ue_ranid_1:amfid_1
n1sm buffer: 2e0101c1ffff91a1
[2021-03-17T23:42:18.863362] [AMF] [amf_n11] [info ] Location of the created SMF context: 192.168.70.133:80/nsmf-pdusession/v1/sm-contexts/1
2e 01 01 c2 01 00 09 01 00 06 31 31 01 01 ff 06 06 06 00 16 06 00 14 59 00 29 05 01 0c 01 01 02 56 00 22 04 de 23 01 00 80 78 00 00 79 00 06 06 20 41 01 01 06 7b 00 01 80 25 07 64 65 66 61 75 6c 74 
tmp string: 2e0101c201000901000631310101ff060606001606001459002905010c01010256002204de230100807800007900060620410101067b000180250764656661756c74
data: 2e0101c201000901000631310101ff060606001606001459002905010c01010256002204de230100807800007900060620410101067b000180250764656661756c74
00 00 04 00 82 00 0a 0c 01 4f b1 80 30 01 31 2d 00 00 8b 00 0a 01 f0 c0 a8 46 86 00 00 00 01 00 86 00 01 00 00 88 00 07 00 06 00 00 06 00 00 
tmp string: 0000040082000a0c014fb1803001312d00008b000a01f0c0a846860000000100860001000088000700060000060000
data: 0000040082000a0c014fb1803001312d00008b000a01f0c0a846860000000100860001000088000700060000060000
[2021-03-17T23:42:18.865499] [AMF] [nas_mm ] [warn ] IE ie_additional_information is not available
[2021-03-17T23:42:18.865529] [AMF] [nas_mm ] [warn ] IE ie_5gmm_cause is not available
[2021-03-17T23:42:18.865533] [AMF] [nas_mm ] [warn ] IE ie_back_off_timer_value is not available
[2021-03-17T23:42:18.865623] [AMF] [amf_n1 ] [info ] Received DOWNLINK_NAS_TRANSFER
[2021-03-17T23:42:18.865882] [AMF] [amf_n2 ] [info ] Encoding PDU SESSION RESOURCE SETUP REQUEST message, sending 
er.encoded(160)
[2021-03-17T23:42:18.867068] [AMF] [sctp   ] [info ] ****[Assoc_id 2654, Socket 19] Received a msg (length 40) from port 47264, on stream 0, PPID 60 ****
[LibNGAP]Received RanUeNgapId 1
[2021-03-17T23:42:18.867251] [AMF] [amf_n11] [info ] Receive Nsmf_PDUSessionUpdateSMContext, handling ...
n1sm buffer: 0003e0c0a812b8000000010006
[2021-03-17T23:42:18.868768] [AMF] [amf_app] [info ] 
[2021-03-17T23:42:18.868783] [AMF] [amf_app] [info ] |----------------------------------------------------------------------------------------------------------------|
[2021-03-17T23:42:18.868789] [AMF] [amf_app] [info ] |----------------------------------------------------gNBs' information-------------------------------------------|
[2021-03-17T23:42:18.868792] [AMF] [amf_app] [info ] |    Index    |      Status      |       Global ID       |       gNB Name       |               PLMN             |
[2021-03-17T23:42:18.868799] [AMF] [amf_app] [info ] |      1      |    Connected     |         0xfffff       |         gnb-1        |            208, 95             | 
[2021-03-17T23:42:18.868803] [AMF] [amf_app] [info ] |----------------------------------------------------------------------------------------------------------------|
[2021-03-17T23:42:18.868807] [AMF] [amf_app] [info ] 
[2021-03-17T23:42:18.868811] [AMF] [amf_app] [info ] |----------------------------------------------------------------------------------------------------------------|
[2021-03-17T23:42:18.868815] [AMF] [amf_app] [info ] |----------------------------------------------------UEs' information--------------------------------------------|
[2021-03-17T23:42:18.868820] [AMF] [amf_app] [info ] | Index |      5GMM state      |      IMSI        |     GUTI      | RAN UE NGAP ID | AMF UE ID |  PLMN   |Cell ID|
[2021-03-17T23:42:18.868826] [AMF] [amf_app] [info ] |      1|       5GMM-REGISTERED|   208950000000031|               |               1|          1| 208, 95 |  23760|
[2021-03-17T23:42:18.868830] [AMF] [amf_app] [info ] |----------------------------------------------------------------------------------------------------------------|
[2021-03-17T23:42:18.868834] [AMF] [amf_app] [info ] 
[2021-03-17T23:42:26.544801] [AMF] [amf_app] [info ] 
[2021-03-17T23:42:26.544839] [AMF] [amf_app] [info ] |----------------------------------------------------------------------------------------------------------------|
[2021-03-17T23:42:26.544845] [AMF] [amf_app] [info ] |----------------------------------------------------gNBs' information-------------------------------------------|
[2021-03-17T23:42:26.544849] [AMF] [amf_app] [info ] |    Index    |      Status      |       Global ID       |       gNB Name       |               PLMN             |
[2021-03-17T23:42:26.544858] [AMF] [amf_app] [info ] |      1      |    Connected     |         0xfffff       |         gnb-1        |            208, 95             | 
[2021-03-17T23:42:26.544862] [AMF] [amf_app] [info ] |----------------------------------------------------------------------------------------------------------------|
[2021-03-17T23:42:26.544866] [AMF] [amf_app] [info ] 
[2021-03-17T23:42:26.544869] [AMF] [amf_app] [info ] |----------------------------------------------------------------------------------------------------------------|
[2021-03-17T23:42:26.544872] [AMF] [amf_app] [info ] |----------------------------------------------------UEs' information--------------------------------------------|
[2021-03-17T23:42:26.544876] [AMF] [amf_app] [info ] | Index |      5GMM state      |      IMSI        |     GUTI      | RAN UE NGAP ID | AMF UE ID |  PLMN   |Cell ID|
[2021-03-17T23:42:26.544882] [AMF] [amf_app] [info ] |      1|       5GMM-REGISTERED|   208950000000031|               |               1|          1| 208, 95 |  23760|
[2021-03-17T23:42:26.544886] [AMF] [amf_app] [info ] |----------------------------------------------------------------------------------------------------------------|
[2021-03-17T23:42:26.544889] [AMF] [amf_app] [info ] 
[2021-03-17T23:42:46.544967] [AMF] [amf_app] [info ] 
[2021-03-17T23:42:46.545000] [AMF] [amf_app] [info ] |----------------------------------------------------------------------------------------------------------------|
[2021-03-17T23:42:46.545005] [AMF] [amf_app] [info ] |----------------------------------------------------gNBs' information-------------------------------------------|
[2021-03-17T23:42:46.545010] [AMF] [amf_app] [info ] |    Index    |      Status      |       Global ID       |       gNB Name       |               PLMN             |
[2021-03-17T23:42:46.545018] [AMF] [amf_app] [info ] |      1      |    Connected     |         0xfffff       |         gnb-1        |            208, 95             | 
[2021-03-17T23:42:46.545023] [AMF] [amf_app] [info ] |----------------------------------------------------------------------------------------------------------------|
[2021-03-17T23:42:46.545026] [AMF] [amf_app] [info ] 
[2021-03-17T23:42:46.545030] [AMF] [amf_app] [info ] |----------------------------------------------------------------------------------------------------------------|
[2021-03-17T23:42:46.545033] [AMF] [amf_app] [info ] |----------------------------------------------------UEs' information--------------------------------------------|
[2021-03-17T23:42:46.545037] [AMF] [amf_app] [info ] | Index |      5GMM state      |      IMSI        |     GUTI      | RAN UE NGAP ID | AMF UE ID |  PLMN   |Cell ID|
[2021-03-17T23:42:46.545043] [AMF] [amf_app] [info ] |      1|       5GMM-REGISTERED|   208950000000031|               |               1|          1| 208, 95 |  23760|
[2021-03-17T23:42:46.545047] [AMF] [amf_app] [info ] |----------------------------------------------------------------------------------------------------------------|
[2021-03-17T23:42:46.545050] [AMF] [amf_app] [info ] 
[2021-03-17T23:42:48.868400] [AMF] [sctp   ] [info ] ****[Assoc_id 2654, Socket 19] Received a msg (length 62) from port 47264, on stream 0, PPID 60 ****
[LibNGAP]Received RanUeNgapId 1
Received TAC: 40960
[2021-03-17T23:42:48.869066] [AMF] [amf_n2 ] [info ] Received UPLINK_NAS_TRANSPORT message, handling
[2021-03-17T23:42:48.869146] [AMF] [amf_n1 ] [info ] Received UL_NAS_DATA_IND
[2021-03-17T23:42:48.869376] [AMF] [amf_n11] [info ] Running SMF_SERVICES_CONSUMER
[2021-03-17T23:42:48.869404] [AMF] [amf_n11] [info ] Find ue_context in amf_app using UE Context Key: app_ue_ranid_1:amfid_1
n1sm buffer: 2e0102d1
[2021-03-17T23:43:03.721074] [AMF] [sctp   ] [info ] ****[Assoc_id 2654, Socket 19] Received a msg (length 17) from port 47264, on stream 0, PPID 60 ****
[2021-03-17T23:43:03.721396] [AMF] [amf_n2 ] [info ] Received NGReset message, handling
[2021-03-17T23:43:03.721451] [AMF] [amf_app] [info ] 
[2021-03-17T23:43:03.721461] [AMF] [amf_app] [info ] |----------------------------------------------------------------------------------------------------------------|
[2021-03-17T23:43:03.721466] [AMF] [amf_app] [info ] |----------------------------------------------------gNBs' information-------------------------------------------|
[2021-03-17T23:43:03.721470] [AMF] [amf_app] [info ] |    Index    |      Status      |       Global ID       |       gNB Name       |               PLMN             |
[2021-03-17T23:43:03.721477] [AMF] [amf_app] [info ] |      1      |    Connected     |         0xfffff       |         gnb-1        |            208, 95             | 
[2021-03-17T23:43:03.721481] [AMF] [amf_app] [info ] |----------------------------------------------------------------------------------------------------------------|
[2021-03-17T23:43:03.721484] [AMF] [amf_app] [info ] 
[2021-03-17T23:43:03.721487] [AMF] [amf_app] [info ] |----------------------------------------------------------------------------------------------------------------|
[2021-03-17T23:43:03.721491] [AMF] [amf_app] [info ] |----------------------------------------------------UEs' information--------------------------------------------|
[2021-03-17T23:43:03.721495] [AMF] [amf_app] [info ] | Index |      5GMM state      |      IMSI        |     GUTI      | RAN UE NGAP ID | AMF UE ID |  PLMN   |Cell ID|
[2021-03-17T23:43:03.721502] [AMF] [amf_app] [info ] |      1|     5GMM-DEREGISTERED|   208950000000031|               |               1|          1| 208, 95 |  23760|
[2021-03-17T23:43:03.721505] [AMF] [amf_app] [info ] |----------------------------------------------------------------------------------------------------------------|
[2021-03-17T23:43:03.721509] [AMF] [amf_app] [info ] 
[2021-03-17T23:43:03.923180] [AMF] [amf_n2 ] [info ] Received SCTP Shutdown Event, handling
[2021-03-17T23:43:03.923258] [AMF] [amf_app] [info ] 
[2021-03-17T23:43:03.923265] [AMF] [amf_app] [info ] |----------------------------------------------------------------------------------------------------------------|
[2021-03-17T23:43:03.923269] [AMF] [amf_app] [info ] |----------------------------------------------------gNBs' information-------------------------------------------|
[2021-03-17T23:43:03.923274] [AMF] [amf_app] [info ] |    Index    |      Status      |       Global ID       |       gNB Name       |               PLMN             |
[2021-03-17T23:43:03.923278] [AMF] [amf_app] [info ] |      -      |          -       |           -           |           -          |               -                |
[2021-03-17T23:43:03.923282] [AMF] [amf_app] [info ] |----------------------------------------------------------------------------------------------------------------|
[2021-03-17T23:43:03.923286] [AMF] [amf_app] [info ] 
[2021-03-17T23:43:03.923289] [AMF] [amf_app] [info ] |----------------------------------------------------------------------------------------------------------------|
[2021-03-17T23:43:03.923293] [AMF] [amf_app] [info ] |----------------------------------------------------UEs' information--------------------------------------------|
[2021-03-17T23:43:03.923297] [AMF] [amf_app] [info ] | Index |      5GMM state      |      IMSI        |     GUTI      | RAN UE NGAP ID | AMF UE ID |  PLMN   |Cell ID|
[2021-03-17T23:43:03.923303] [AMF] [amf_app] [info ] |      1|     5GMM-DEREGISTERED|   208950000000031|               |               1|          1| 208, 95 |  23760|
[2021-03-17T23:43:03.923308] [AMF] [amf_app] [info ] |----------------------------------------------------------------------------------------------------------------|
[2021-03-17T23:43:03.923311] [AMF] [amf_app] [info ] 
[2021-03-17T23:43:03.923317] [AMF] [amf_n2 ] [info ] Received SCTP Shutdown Event, handling
[2021-03-17T23:43:03.923328] [AMF] [amf_app] [info ] 
[2021-03-17T23:43:03.923337] [AMF] [amf_app] [info ] |----------------------------------------------------------------------------------------------------------------|
[2021-03-17T23:43:03.923341] [AMF] [amf_app] [info ] |----------------------------------------------------gNBs' information-------------------------------------------|
[2021-03-17T23:43:03.923345] [AMF] [amf_app] [info ] |    Index    |      Status      |       Global ID       |       gNB Name       |               PLMN             |
[2021-03-17T23:43:03.923348] [AMF] [amf_app] [info ] |      -      |          -       |           -           |           -          |               -                |
[2021-03-17T23:43:03.923352] [AMF] [amf_app] [info ] |----------------------------------------------------------------------------------------------------------------|
[2021-03-17T23:43:03.923356] [AMF] [amf_app] [info ] 
[2021-03-17T23:43:03.923359] [AMF] [amf_app] [info ] |----------------------------------------------------------------------------------------------------------------|
[2021-03-17T23:43:03.923363] [AMF] [amf_app] [info ] |----------------------------------------------------UEs' information--------------------------------------------|
[2021-03-17T23:43:03.923366] [AMF] [amf_app] [info ] | Index |      5GMM state      |      IMSI        |     GUTI      | RAN UE NGAP ID | AMF UE ID |  PLMN   |Cell ID|
[2021-03-17T23:43:03.923372] [AMF] [amf_app] [info ] |      1|     5GMM-DEREGISTERED|   208950000000031|               |               1|          1| 208, 95 |  23760|
[2021-03-17T23:43:03.923376] [AMF] [amf_app] [info ] |----------------------------------------------------------------------------------------------------------------|
[2021-03-17T23:43:03.923379] [AMF] [amf_app] [info ] 
[2021-03-17T23:43:06.545162] [AMF] [amf_app] [info ] 
[2021-03-17T23:43:06.545204] [AMF] [amf_app] [info ] |----------------------------------------------------------------------------------------------------------------|
[2021-03-17T23:43:06.545212] [AMF] [amf_app] [info ] |----------------------------------------------------gNBs' information-------------------------------------------|
[2021-03-17T23:43:06.545219] [AMF] [amf_app] [info ] |    Index    |      Status      |       Global ID       |       gNB Name       |               PLMN             |
[2021-03-17T23:43:06.545226] [AMF] [amf_app] [info ] |      -      |          -       |           -           |           -          |               -                |
[2021-03-17T23:43:06.545232] [AMF] [amf_app] [info ] |----------------------------------------------------------------------------------------------------------------|
[2021-03-17T23:43:06.545239] [AMF] [amf_app] [info ] 
[2021-03-17T23:43:06.545244] [AMF] [amf_app] [info ] |----------------------------------------------------------------------------------------------------------------|
[2021-03-17T23:43:06.545251] [AMF] [amf_app] [info ] |----------------------------------------------------UEs' information--------------------------------------------|
[2021-03-17T23:43:06.545256] [AMF] [amf_app] [info ] | Index |      5GMM state      |      IMSI        |     GUTI      | RAN UE NGAP ID | AMF UE ID |  PLMN   |Cell ID|
[2021-03-17T23:43:06.545269] [AMF] [amf_app] [info ] |      1|     5GMM-DEREGISTERED|   208950000000031|               |               1|          1| 208, 95 |  23760|
[2021-03-17T23:43:06.545277] [AMF] [amf_app] [info ] |----------------------------------------------------------------------------------------------------------------|
[2021-03-17T23:43:06.545283] [AMF] [amf_app] [info ] 
