InitiatingMessage ::= {
    procedureCode: 21
    criticality: 0 (reject)
    value: NGSetupRequest ::= {
        protocolIEs: ProtocolIE-Container ::= {
            NGSetupRequestIEs ::= {
                id: 27
                criticality: 0 (reject)
                value: GlobalGNB-ID ::= {
                    pLMNIdentity: 02 F8 59
                    gNB-ID: 00 0F FF FF
                }
            }
            NGSetupRequestIEs ::= {
                id: 82
                criticality: 1 (ignore)
                value: gnb-1
            }
            NGSetupRequestIEs ::= {
                id: 102
                criticality: 0 (reject)
                value: SupportedTAList ::= {
                    SupportedTAItem ::= {
                        tAC: 00 A0 00
                        broadcastPLMNList: BroadcastPLMNList ::= {
                            BroadcastPLMNItem ::= {
                                pLMNIdentity: 02 F7 45
                                tAISliceSupportList: SliceSupportList ::= {
                                    SliceSupportItem ::= {
                                        s-NSSAI: S-NSSAI ::= {
                                            sST: 10
                                            sD: 58 39 22
                                        }
                                    }
                                }
                            }
                            BroadcastPLMNItem ::= {
                                pLMNIdentity: 02 F8 59
                                tAISliceSupportList: SliceSupportList ::= {
                                    SliceSupportItem ::= {
                                        s-NSSAI: S-NSSAI ::= {
                                            sST: 27
                                            sD: 38 53 82
                                        }
                                    }
                                    SliceSupportItem ::= {
                                        s-NSSAI: S-NSSAI ::= {
                                            sST: DE
                                            sD: 12 30 00
                                        }
                                    }
                                }
                            }
                        }
                    }
                    SupportedTAItem ::= {
                        tAC: 00 A0 01
                        broadcastPLMNList: BroadcastPLMNList ::= {
                            BroadcastPLMNItem ::= {
                                pLMNIdentity: 02 03 10
                                tAISliceSupportList: SliceSupportList ::= {
                                    SliceSupportItem ::= {
                                        s-NSSAI: S-NSSAI ::= {
                                            sST: FF
                                            sD: 12 34 83
                                        }
                                    }
                                }
                            }
                            BroadcastPLMNItem ::= {
                                pLMNIdentity: 02 12 00
                                tAISliceSupportList: SliceSupportList ::= {
                                    SliceSupportItem ::= {
                                        s-NSSAI: S-NSSAI ::= {
                                            sST: 23
                                            sD: 32 12 36
                                        }
                                    }
                                }
                            }
                        }
                    }
                }
            }
            NGSetupRequestIEs ::= {
                id: 21
                criticality: 1 (ignore)
                value: 0 (v32)
            }
        }
    }
}
SuccessfulOutcome ::= {
    procedureCode: 21
    criticality: 0 (reject)
    value: NGSetupResponse ::= {
        protocolIEs: ProtocolIE-Container ::= {
            NGSetupResponseIEs ::= {
                id: 1
                criticality: 0 (reject)
                value: OAI-AMF
            }
            NGSetupResponseIEs ::= {
                id: 86
                criticality: 1 (ignore)
                value: 30
            }
            NGSetupResponseIEs ::= {
                id: 96
                criticality: 0 (reject)
                value: ServedGUAMIList ::= {
                    ServedGUAMIItem ::= {
                        gUAMI: GUAMI ::= {
                            pLMNIdentity: 02 F8 59
                            aMFRegionID: 80
                            aMFSetID: 00 40 (6 bits unused)
                            aMFPointer: 00 (2 bits unused)
                        }
                    }
                    ServedGUAMIItem ::= {
                        gUAMI: GUAMI ::= {
                            pLMNIdentity: 64 F0 11
                            aMFRegionID: 0A
                            aMFSetID: 00 40 (6 bits unused)
                            aMFPointer: 04 (2 bits unused)
                        }
                    }
                }
            }
            NGSetupResponseIEs ::= {
                id: 80
                criticality: 0 (reject)
                value: PLMNSupportList ::= {
                    PLMNSupportItem ::= {
                        pLMNIdentity: 02 F8 59
                        sliceSupportList: SliceSupportList ::= {
                            SliceSupportItem ::= {
                                s-NSSAI: S-NSSAI ::= {
                                    sST: DE
                                    sD: 00 00 7B
                                }
                            }
                            SliceSupportItem ::= {
                                s-NSSAI: S-NSSAI ::= {
                                    sST: 01
                                    sD: 00 00 0C
                                }
                            }
                        }
                    }
                }
            }
        }
    }
}
InitiatingMessage ::= {
    procedureCode: 15
    criticality: 1 (ignore)
    value: InitialUEMessage ::= {
        protocolIEs: ProtocolIE-Container ::= {
            InitialUEMessage-IEs ::= {
                id: 85
                criticality: 0 (reject)
                value: 1
            }
            InitialUEMessage-IEs ::= {
                id: 38
                criticality: 0 (reject)
                value: 
                    7E 00 41 71 00 0D 01 02 F8 59 F0 FF 00 00 00 00 
                    00 00 13 2E 02 80 40
            }
            InitialUEMessage-IEs ::= {
                id: 121
                criticality: 0 (reject)
                value: UserLocationInformationNR ::= {
                    nR-CGI: NR-CGI ::= {
                        pLMNIdentity: 02 F8 59
                        nRCellIdentity: 00 00 00 5C D0 (4 bits unused)
                    }
                    tAI: TAI ::= {
                        pLMNIdentity: 02 F8 59
                        tAC: 00 A0 00
                    }
                }
            }
            InitialUEMessage-IEs ::= {
                id: 90
                criticality: 1 (ignore)
                value: 3 (mo-Signalling)
            }
        }
    }
}
InitiatingMessage ::= {
    procedureCode: 4
    criticality: 1 (ignore)
    value: DownlinkNASTransport ::= {
        protocolIEs: ProtocolIE-Container ::= {
            DownlinkNASTransport-IEs ::= {
                id: 10
                criticality: 0 (reject)
                value: 1
            }
            DownlinkNASTransport-IEs ::= {
                id: 85
                criticality: 0 (reject)
                value: 1
            }
            DownlinkNASTransport-IEs ::= {
                id: 38
                criticality: 0 (reject)
                value: 
                    7E 00 56 02 02 00 00 21 EC 15 D8 3D 26 1A 3E 38 
                    FB B1 26 19 74 BE B0 56 20 10 82 FA 01 0F 5A 93 
                    90 01 35 ED 45 41 DF 9A 02 95
            }
        }
    }
}
InitiatingMessage ::= {
    procedureCode: 46
    criticality: 1 (ignore)
    value: UplinkNASTransport ::= {
        protocolIEs: ProtocolIE-Container ::= {
            UplinkNASTransport-IEs ::= {
                id: 10
                criticality: 0 (reject)
                value: 1
            }
            UplinkNASTransport-IEs ::= {
                id: 85
                criticality: 0 (reject)
                value: 1
            }
            UplinkNASTransport-IEs ::= {
                id: 38
                criticality: 0 (reject)
                value: 
                    7E 00 57 2D 10 27 27 3E C2 01 C1 B1 0E 37 75 5D 
                    6F A9 62 09 B1
            }
            UplinkNASTransport-IEs ::= {
                id: 121
                criticality: 1 (ignore)
                value: UserLocationInformationNR ::= {
                    nR-CGI: NR-CGI ::= {
                        pLMNIdentity: 02 F8 59
                        nRCellIdentity: 00 00 00 5C D0 (4 bits unused)
                    }
                    tAI: TAI ::= {
                        pLMNIdentity: 02 F8 59
                        tAC: 00 A0 00
                    }
                }
            }
        }
    }
}
InitiatingMessage ::= {
    procedureCode: 4
    criticality: 1 (ignore)
    value: DownlinkNASTransport ::= {
        protocolIEs: ProtocolIE-Container ::= {
            DownlinkNASTransport-IEs ::= {
                id: 10
                criticality: 0 (reject)
                value: 1
            }
            DownlinkNASTransport-IEs ::= {
                id: 85
                criticality: 0 (reject)
                value: 1
            }
            DownlinkNASTransport-IEs ::= {
                id: 38
                criticality: 0 (reject)
                value: 
                    7E 03 51 9F 33 B7 00 7E 00 5D 01 02 02 80 40 E1 
                    36 01 02
            }
        }
    }
}
InitiatingMessage ::= {
    procedureCode: 46
    criticality: 1 (ignore)
    value: UplinkNASTransport ::= {
        protocolIEs: ProtocolIE-Container ::= {
            UplinkNASTransport-IEs ::= {
                id: 10
                criticality: 0 (reject)
                value: 1
            }
            UplinkNASTransport-IEs ::= {
                id: 85
                criticality: 0 (reject)
                value: 1
            }
            UplinkNASTransport-IEs ::= {
                id: 38
                criticality: 0 (reject)
                value: 
                    7E 04 2D 72 84 D6 00 7E 00 5E 77 00 09 55 05 00 
                    00 00 00 00 01 F0 71 00 29 7E 00 41 21 00 0D 01 
                    02 F8 59 F0 FF 00 00 00 00 00 00 13 10 01 00 2E 
                    02 80 40 2F 0A 04 DE 00 00 7B 04 4B 00 00 02 53 
                    01 00
            }
            UplinkNASTransport-IEs ::= {
                id: 121
                criticality: 1 (ignore)
                value: UserLocationInformationNR ::= {
                    nR-CGI: NR-CGI ::= {
                        pLMNIdentity: 02 F8 59
                        nRCellIdentity: 00 00 00 5C D0 (4 bits unused)
                    }
                    tAI: TAI ::= {
                        pLMNIdentity: 02 F8 59
                        tAC: 00 A0 00
                    }
                }
            }
        }
    }
}
InitiatingMessage ::= {
    procedureCode: 14
    criticality: 0 (reject)
    value: InitialContextSetupRequest ::= {
        protocolIEs: ProtocolIE-Container ::= {
            InitialContextSetupRequestIEs ::= {
                id: 10
                criticality: 0 (reject)
                value: 1
            }
            InitialContextSetupRequestIEs ::= {
                id: 85
                criticality: 0 (reject)
                value: 1
            }
            InitialContextSetupRequestIEs ::= {
                id: 28
                criticality: 0 (reject)
                value: GUAMI ::= {
                    pLMNIdentity: 02 F8 59
                    aMFRegionID: 80
                    aMFSetID: 00 40 (6 bits unused)
                    aMFPointer: 04 (2 bits unused)
                }
            }
            InitialContextSetupRequestIEs ::= {
                id: 119
                criticality: 0 (reject)
                value: UESecurityCapabilities ::= {
                    nRencryptionAlgorithms: E0 00
                    nRintegrityProtectionAlgorithms: E0 00
                    eUTRAencryptionAlgorithms: E0 00
                    eUTRAintegrityProtectionAlgorithms: E0 00
                }
            }
            InitialContextSetupRequestIEs ::= {
                id: 94
                criticality: 0 (reject)
                value: 
                        AF C1 09 80 97 B8 CC BD 32 0A C3 9C 07 80 DF 8A 
                        C3 F4 5D E3 45 F8 F0 EF AA DA 26 8C C8 B1 09 FC
            }
            InitialContextSetupRequestIEs ::= {
                id: 38
                criticality: 0 (reject)
                value: 
                    7E 02 0B 9C BC E1 01 7E 00 42 01 01 77 00 0B F2 
                    02 F8 59 80 00 41 00 00 00 01 54 07 00 02 F8 59 
                    00 A0 00 15 02 01 01 21 02 00 00 5E 01 BE
            }
            InitialContextSetupRequestIEs ::= {
                id: 0
                criticality: 0 (reject)
                value: AllowedNSSAI ::= {
                    AllowedNSSAI-Item ::= {
                        s-NSSAI: S-NSSAI ::= {
                            sST: 01
                            sD: 00 00 00
                        }
                    }
                }
            }
        }
    }
}
InitiatingMessage ::= {
    procedureCode: 46
    criticality: 1 (ignore)
    value: UplinkNASTransport ::= {
        protocolIEs: ProtocolIE-Container ::= {
            UplinkNASTransport-IEs ::= {
                id: 10
                criticality: 0 (reject)
                value: 1
            }
            UplinkNASTransport-IEs ::= {
                id: 85
                criticality: 0 (reject)
                value: 1
            }
            UplinkNASTransport-IEs ::= {
                id: 38
                criticality: 0 (reject)
                value: 7E 02 4E ED A5 13 01 7E 00 43
            }
            UplinkNASTransport-IEs ::= {
                id: 121
                criticality: 1 (ignore)
                value: UserLocationInformationNR ::= {
                    nR-CGI: NR-CGI ::= {
                        pLMNIdentity: 02 F8 59
                        nRCellIdentity: 00 00 00 5C D0 (4 bits unused)
                    }
                    tAI: TAI ::= {
                        pLMNIdentity: 02 F8 59
                        tAC: 00 A0 00
                    }
                }
            }
        }
    }
}
InitiatingMessage ::= {
    procedureCode: 46
    criticality: 1 (ignore)
    value: UplinkNASTransport ::= {
        protocolIEs: ProtocolIE-Container ::= {
            UplinkNASTransport-IEs ::= {
                id: 10
                criticality: 0 (reject)
                value: 1
            }
            UplinkNASTransport-IEs ::= {
                id: 85
                criticality: 0 (reject)
                value: 1
            }
            UplinkNASTransport-IEs ::= {
                id: 38
                criticality: 0 (reject)
                value: 
                    7E 02 D2 E4 09 8C 02 7E 00 67 01 00 08 2E 01 01 
                    C1 FF FF 91 A1 12 01 81 22 04 DE 00 00 7B 25 08 
                    07 64 65 66 61 75 6C 74
            }
            UplinkNASTransport-IEs ::= {
                id: 121
                criticality: 1 (ignore)
                value: UserLocationInformationNR ::= {
                    nR-CGI: NR-CGI ::= {
                        pLMNIdentity: 02 F8 59
                        nRCellIdentity: 00 00 00 5C D0 (4 bits unused)
                    }
                    tAI: TAI ::= {
                        pLMNIdentity: 02 F8 59
                        tAC: 00 A0 00
                    }
                }
            }
        }
    }
}
InitiatingMessage ::= {
    procedureCode: 29
    criticality: 0 (reject)
    value: PDUSessionResourceSetupRequest ::= {
        protocolIEs: ProtocolIE-Container ::= {
            PDUSessionResourceSetupRequestIEs ::= {
                id: 10
                criticality: 0 (reject)
                value: 1
            }
            PDUSessionResourceSetupRequestIEs ::= {
                id: 85
                criticality: 0 (reject)
                value: 1
            }
            PDUSessionResourceSetupRequestIEs ::= {
                id: 74
                criticality: 0 (reject)
                value: PDUSessionResourceSetupListSUReq ::= {
                    PDUSessionResourceSetupItemSUReq ::= {
                        pDUSessionID: 1
                        pDUSessionNAS-PDU: 
                            7E 02 23 53 73 C0 02 7E 00 68 01 00 42 2E 01 01 
                            C2 01 00 09 01 00 06 31 31 01 01 FF 06 06 06 00 
                            16 06 00 14 59 00 29 05 01 0C 01 01 02 56 00 22 
                            04 DE 23 01 00 80 78 00 00 79 00 06 06 20 41 01 
                            01 06 7B 00 01 80 25 07 64 65 66 61 75 6C 74 12 
                            01
                        s-NSSAI: S-NSSAI ::= {
                            sST: 01
                        }
                        pDUSessionResourceSetupRequestTransfer: 
                            00 00 04 00 82 00 0A 0C 01 4F B1 80 30 01 31 2D 
                            00 00 8B 00 0A 01 F0 C0 A8 46 86 00 00 00 01 00 
                            86 00 01 00 00 88 00 07 00 06 00 00 06 00 00
                    }
                }
            }
        }
    }
}
InitiatingMessage ::= {
    procedureCode: 46
    criticality: 1 (ignore)
    value: UplinkNASTransport ::= {
        protocolIEs: ProtocolIE-Container ::= {
            UplinkNASTransport-IEs ::= {
                id: 10
                criticality: 0 (reject)
                value: 1
            }
            UplinkNASTransport-IEs ::= {
                id: 85
                criticality: 0 (reject)
                value: 1
            }
            UplinkNASTransport-IEs ::= {
                id: 38
                criticality: 0 (reject)
                value: 
                    7E 02 BA 2B 31 F2 03 7E 00 67 01 00 04 2E 01 02 
                    D1 12 01
            }
            UplinkNASTransport-IEs ::= {
                id: 121
                criticality: 1 (ignore)
                value: UserLocationInformationNR ::= {
                    nR-CGI: NR-CGI ::= {
                        pLMNIdentity: 02 F8 59
                        nRCellIdentity: 00 00 00 5C D0 (4 bits unused)
                    }
                    tAI: TAI ::= {
                        pLMNIdentity: 02 F8 59
                        tAC: 00 A0 00
                    }
                }
            }
        }
    }
}
InitiatingMessage ::= {
    procedureCode: 20
    criticality: 0 (reject)
    value: NGReset ::= {
        protocolIEs: ProtocolIE-Container ::= {
            NGResetIEs ::= {
                id: 88
                criticality: 0 (reject)
                value: 0 (reset-all)
            }
            NGResetIEs ::= {
                id: 15
                criticality: 1 (ignore)
                value: 5 (unspecified)
            }
        }
    }
}

