Now setting these variables '@AMF_API_VERSION@ @AMF_IPV4_ADDRESS@ @AMF_PORT@ @DEFAULT_DNS_IPV4_ADDRESS@ @DEFAULT_DNS_SEC_IPV4_ADDRESS@ @DISCOVER_UPF@ @INSTANCE@ @NRF_API_VERSION@ @NRF_IPV4_ADDRESS@ @NRF_PORT@ @PID_DIRECTORY@ @REGISTER_NRF@ @SMF_API_VERSION@ @SMF_INTERFACE_HTTP2_PORT_FOR_SBI@ @SMF_INTERFACE_NAME_FOR_N4@ @SMF_INTERFACE_NAME_FOR_SBI@ @SMF_INTERFACE_PORT_FOR_SBI@ @UDM_API_VERSION@ @UDM_IPV4_ADDRESS@ @UDM_PORT@ @UPF_IPV4_ADDRESS@'
Done setting the configuration
[2021-03-18T00:41:08.111660] [smf] [smf_app] [start] Options parsed
[2021-03-18T00:41:08.112108] [smf] [smf_app] [info ] SettingNotFoundException : SMF.ITTI_TASKS, using defaults
[2021-03-18T00:41:08.112208] [smf] [smf_app] [info ] SettingNotFoundException : SMF.INTERFACES.N4.SCHED_PARAMS, using defaults
[2021-03-18T00:41:08.112238] [smf] [smf_app] [info ] SettingNotFoundException : SMF.INTERFACES.SBI.SCHED_PARAMS, using defaults
[2021-03-18T00:41:08.112309] [smf] [smf_app] [info ] Finalize config...
[2021-03-18T00:41:08.112315] [smf] [smf_app] [info ] Finalized config
[2021-03-18T00:41:08.112328] [smf] [smf_app] [info ] ==== EURECOM SMF vBranch: HEAD Abrev. Hash: 2308605a Date: Wed Mar 17 18:54:34 2021 +0100 ====
[2021-03-18T00:41:08.112336] [smf] [smf_app] [info ] Configuration SMF:
[2021-03-18T00:41:08.112340] [smf] [smf_app] [info ] - Instance ..............: 0

[2021-03-18T00:41:08.112343] [smf] [smf_app] [info ] - PID dir ...............: /var/run

[2021-03-18T00:41:08.112346] [smf] [smf_app] [info ] - N4 Networking:
[2021-03-18T00:41:08.112350] [smf] [smf_app] [info ]     Interface name ......: eth0
[2021-03-18T00:41:08.112354] [smf] [smf_app] [info ]     IPv4 Addr ...........: 192.168.70.133
[2021-03-18T00:41:08.112358] [smf] [smf_app] [info ]     Port ................: 8805
[2021-03-18T00:41:08.112361] [smf] [smf_app] [info ] - SBI Networking:
[2021-03-18T00:41:08.112364] [smf] [smf_app] [info ]     Interface name ......: eth0
[2021-03-18T00:41:08.112367] [smf] [smf_app] [info ]     IPv4 Addr ...........: 192.168.70.133
[2021-03-18T00:41:08.112370] [smf] [smf_app] [info ]     Port ................: 80
[2021-03-18T00:41:08.112374] [smf] [smf_app] [info ]     HTTP2 port ..........: 9090
[2021-03-18T00:41:08.112377] [smf] [smf_app] [info ]     API version..........: v1
[2021-03-18T00:41:08.112380] [smf] [smf_app] [info ] - N4 Threading:
[2021-03-18T00:41:08.112383] [smf] [smf_app] [info ]     CPU id ..............: 0
[2021-03-18T00:41:08.112386] [smf] [smf_app] [info ]     Scheduling policy ...: 1
[2021-03-18T00:41:08.112389] [smf] [smf_app] [info ]     Scheduling prio .....: 90
[2021-03-18T00:41:08.112392] [smf] [smf_app] [info ] - ITTI Timer Task Threading:
[2021-03-18T00:41:08.112395] [smf] [smf_app] [info ]     CPU id ..............: 0
[2021-03-18T00:41:08.112398] [smf] [smf_app] [info ]     Scheduling policy ...: 1
[2021-03-18T00:41:08.112401] [smf] [smf_app] [info ]     Scheduling prio .....: 85
[2021-03-18T00:41:08.112404] [smf] [smf_app] [info ] - ITTI N4 Task Threading :
[2021-03-18T00:41:08.112407] [smf] [smf_app] [info ]     CPU id ..............: 0
[2021-03-18T00:41:08.112411] [smf] [smf_app] [info ]     Scheduling policy ...: 1
[2021-03-18T00:41:08.112415] [smf] [smf_app] [info ]     Scheduling prio .....: 84
[2021-03-18T00:41:08.112419] [smf] [smf_app] [info ] - ITTI SMF_APP task Threading:
[2021-03-18T00:41:08.112422] [smf] [smf_app] [info ]     CPU id ..............: 0
[2021-03-18T00:41:08.112425] [smf] [smf_app] [info ]     Scheduling policy ...: 1
[2021-03-18T00:41:08.112428] [smf] [smf_app] [info ]     Scheduling prio .....: 84
[2021-03-18T00:41:08.112431] [smf] [smf_app] [info ] - ITTI ASYNC_CMD task Threading:
[2021-03-18T00:41:08.112434] [smf] [smf_app] [info ]     CPU id ..............: 0
[2021-03-18T00:41:08.112437] [smf] [smf_app] [info ]     Scheduling policy ...: 1
[2021-03-18T00:41:08.112440] [smf] [smf_app] [info ]     Scheduling prio .....: 84
[2021-03-18T00:41:08.112443] [smf] [smf_app] [info ] - IP_ADDRESS_POOL:
[2021-03-18T00:41:08.112447] [smf] [smf_app] [info ]     IPv4 pool 0 .........: 12.1.1.2 - 12.1.1.128
[2021-03-18T00:41:08.112451] [smf] [smf_app] [info ]     IPv4 pool 1 .........: 12.1.1.129 - 12.1.1.224
[2021-03-18T00:41:08.112455] [smf] [smf_app] [info ]     IPv4 pool 2 .........: 10.10.10.2 - 10.10.10.253
[2021-03-18T00:41:08.112460] [smf] [smf_app] [info ]     IPv6 pool 0 .........: 2001:1:2:: / 64
[2021-03-18T00:41:08.112464] [smf] [smf_app] [info ]     IPv6 pool 1 .........: 3001:1:2:: / 64
[2021-03-18T00:41:08.112468] [smf] [smf_app] [info ]     IPv6 pool 2 .........: 4001:1:2:: / 64
[2021-03-18T00:41:08.112472] [smf] [smf_app] [info ] - DEFAULT DNS:
[2021-03-18T00:41:08.112475] [smf] [smf_app] [info ]     Primary DNS .........: 192.168.18.129
[2021-03-18T00:41:08.112479] [smf] [smf_app] [info ]     Secondary DNS .......: 8.8.8.8
[2021-03-18T00:41:08.112482] [smf] [smf_app] [info ]     Primary DNS v6 ......: 2001:4860:4860::8888
[2021-03-18T00:41:08.112487] [smf] [smf_app] [info ]     Secondary DNS v6 ....: 2001:4860:4860::8844
[2021-03-18T00:41:08.112490] [smf] [smf_app] [info ] - DNN_LIST:
[2021-03-18T00:41:08.112493] [smf] [smf_app] [info ]     DNN 0:
[2021-03-18T00:41:08.112496] [smf] [smf_app] [info ]         DNN_NI:  default
[2021-03-18T00:41:08.112499] [smf] [smf_app] [info ]         PDU_SESSION_TYPE:  IPV4
[2021-03-18T00:41:08.112504] [smf] [smf_app] [info ]         IPV4_POOL:  0 ( 12.1.1.2 - 12.1.1.128)
[2021-03-18T00:41:08.112507] [smf] [smf_app] [info ]     DNN 1:
[2021-03-18T00:41:08.112510] [smf] [smf_app] [info ]         DNN_NI:  carrier.com
[2021-03-18T00:41:08.112514] [smf] [smf_app] [info ]         PDU_SESSION_TYPE:  IPV4
[2021-03-18T00:41:08.112519] [smf] [smf_app] [info ]         IPV4_POOL:  1 ( 12.1.1.129 - 12.1.1.224)
[2021-03-18T00:41:08.112522] [smf] [smf_app] [info ]     DNN 2:
[2021-03-18T00:41:08.112526] [smf] [smf_app] [info ]         DNN_NI:  oai
[2021-03-18T00:41:08.112529] [smf] [smf_app] [info ]         PDU_SESSION_TYPE:  IPV4
[2021-03-18T00:41:08.112533] [smf] [smf_app] [info ]         IPV4_POOL:  2 ( 10.10.10.2 - 10.10.10.253)
[2021-03-18T00:41:08.112537] [smf] [smf_app] [info ] - AMF:
[2021-03-18T00:41:08.112541] [smf] [smf_app] [info ]     IPv4 Addr ...........: 0.0.0.0
[2021-03-18T00:41:08.112544] [smf] [smf_app] [info ]     Port ................: 80  
[2021-03-18T00:41:08.112548] [smf] [smf_app] [info ]     API version .........: v1
[2021-03-18T00:41:08.112551] [smf] [smf_app] [info ] - NRF:
[2021-03-18T00:41:08.112555] [smf] [smf_app] [info ]     IPv4 Addr ...........: 192.168.70.130
[2021-03-18T00:41:08.112558] [smf] [smf_app] [info ]     Port ................: 80  
[2021-03-18T00:41:08.112561] [smf] [smf_app] [info ]     API version .........: v1
[2021-03-18T00:41:08.112564] [smf] [smf_app] [info ] - Supported Features:
[2021-03-18T00:41:08.112567] [smf] [smf_app] [info ]     Register to NRF............: Yes
[2021-03-18T00:41:08.112570] [smf] [smf_app] [info ]     Discover UPF...............: Yes
[2021-03-18T00:41:08.112573] [smf] [smf_app] [info ]     Use Local Subscription Info: Yes
[2021-03-18T00:41:08.112577] [smf] [smf_app] [info ]     Push PCO (DNS+MTU).........: No
[2021-03-18T00:41:08.112581] [smf] [smf_app] [info ] - SESSION_MANAGEMENT_SUBSCRIPTION_LIST:
[2021-03-18T00:41:08.112584] [smf] [smf_app] [info ]     Session Management Subscription Data 0:
[2021-03-18T00:41:08.112587] [smf] [smf_app] [info ]         NSSAI_SST:  222, NSSAI_SD 123
[2021-03-18T00:41:08.112591] [smf] [smf_app] [info ]         DNN:  default
[2021-03-18T00:41:08.112594] [smf] [smf_app] [info ]         DEFAULT_SESSION_TYPE:  IPV4
[2021-03-18T00:41:08.112597] [smf] [smf_app] [info ]         DEFAULT_SSC_MODE:  1
[2021-03-18T00:41:08.112600] [smf] [smf_app] [info ]         QOS_PROFILE_5QI:  6
[2021-03-18T00:41:08.112603] [smf] [smf_app] [info ]         QOS_PROFILE_PRIORITY_LEVEL:  1
[2021-03-18T00:41:08.112607] [smf] [smf_app] [info ]         QOS_PROFILE_ARP_PRIORITY_LEVEL:  1
[2021-03-18T00:41:08.112610] [smf] [smf_app] [info ]         QOS_PROFILE_ARP_PREEMPTCAP:  NOT_PREEMPT
[2021-03-18T00:41:08.112613] [smf] [smf_app] [info ]         QOS_PROFILE_ARP_PREEMPTVULN:  NOT_PREEMPTABLE
[2021-03-18T00:41:08.112616] [smf] [smf_app] [info ]         SESSION_AMBR_UL:  20Mbps
[2021-03-18T00:41:08.112619] [smf] [smf_app] [info ]         SESSION_AMBR_DL:  22Mbps
[2021-03-18T00:41:08.112622] [smf] [smf_app] [info ]     Session Management Subscription Data 1:
[2021-03-18T00:41:08.112626] [smf] [smf_app] [info ]         NSSAI_SST:  111, NSSAI_SD 124
[2021-03-18T00:41:08.112631] [smf] [smf_app] [info ]         DNN:  oai
[2021-03-18T00:41:08.112635] [smf] [smf_app] [info ]         DEFAULT_SESSION_TYPE:  IPV4
[2021-03-18T00:41:08.112638] [smf] [smf_app] [info ]         DEFAULT_SSC_MODE:  1
[2021-03-18T00:41:08.112641] [smf] [smf_app] [info ]         QOS_PROFILE_5QI:  7
[2021-03-18T00:41:08.112644] [smf] [smf_app] [info ]         QOS_PROFILE_PRIORITY_LEVEL:  1
[2021-03-18T00:41:08.112647] [smf] [smf_app] [info ]         QOS_PROFILE_ARP_PRIORITY_LEVEL:  1
[2021-03-18T00:41:08.112650] [smf] [smf_app] [info ]         QOS_PROFILE_ARP_PREEMPTCAP:  NOT_PREEMPT
[2021-03-18T00:41:08.112653] [smf] [smf_app] [info ]         QOS_PROFILE_ARP_PREEMPTVULN:  NOT_PREEMPTABLE
[2021-03-18T00:41:08.112657] [smf] [smf_app] [info ]         SESSION_AMBR_UL:  10Mbps
[2021-03-18T00:41:08.112660] [smf] [smf_app] [info ]         SESSION_AMBR_DL:  11Mbps
[2021-03-18T00:41:08.112665] [smf] [itti   ] [start] Starting...
[2021-03-18T00:41:08.112752] [smf] [itti   ] [start] Started
[2021-03-18T00:41:08.112759] [smf] [async_c] [start] Starting...
[2021-03-18T00:41:08.112815] [smf] [itti   ] [info ] Starting timer_manager_task
[2021-03-18T00:41:08.112852] [smf] [itti   ] [warn ] Could not set schedparam to ITTI task 0, err=1
[2021-03-18T00:41:08.112902] [smf] [async_c] [warn ] Could not set schedparam to ITTI task 1, err=1
[2021-03-18T00:41:08.113896] [smf] [async_c] [start] Started
[2021-03-18T00:41:08.113928] [smf] [smf_app] [start] Starting...
[2021-03-18T00:41:08.113934] [smf] [smf_app] [info ] Apply config...
[2021-03-18T00:41:08.113944] [smf] [smf_app] [info ] Applied config default
[2021-03-18T00:41:08.113950] [smf] [smf_app] [info ] Applied config carrier.com
[2021-03-18T00:41:08.113957] [smf] [smf_app] [info ] Applied config oai
[2021-03-18T00:41:08.113961] [smf] [smf_app] [info ] Applied config
[2021-03-18T00:41:08.115108] [smf] [pfcp   ] [info ] pfcp_l4_stack created listening to 192.168.70.133:8805
[2021-03-18T00:41:08.115207] [smf] [smf_n4 ] [start] Starting...
[2021-03-18T00:41:08.115236] [smf] [udp    ] [warn ] Could not set schedparam to ITTI task 6, err=1
[2021-03-18T00:41:08.115269] [smf] [udp    ] [warn ] Could not set schedparam to ITTI task 6, err=1
[2021-03-18T00:41:08.116341] [smf] [smf_n4 ] [start] Started
[2021-03-18T00:41:08.116355] [smf] [smf_sbi] [start] Starting...
[2021-03-18T00:41:08.117496] [smf] [smf_sbi] [start] Started
[2021-03-18T00:41:08.118012] [smf] [smf_n4 ] [info ] handle_receive(36 bytes)
[2021-03-18T00:41:08.118066] [smf] [smf_n4 ] [info ] Received N4 ASSOCIATION SETUP RESPONSE from an UPF
[2021-03-18T00:41:08.118080] [smf] [smf_n4 ] [info ] Received N4 ASSOCIATION SETUP RESPONSE
[2021-03-18T00:41:08.128244] [smf] [smf_app] [start] Started
[2021-03-18T00:41:08.129028] [smf] [sbi_srv] [info ] HTTP1 server started
[2021-03-18T00:41:08.129084] [smf] [sbi_srv] [info ] HTTP2 server started
[2021-03-18T00:41:12.438494] [smf] [sbi_srv] [info ] NFStatusNotifyApiImpl, received a NF status notification...
[2021-03-18T00:41:12.438595] [smf] [smf_app] [info ] Handle a NF status notification from NRF (HTTP version 1)
[2021-03-18T00:41:12.438614] [smf] [smf_app] [info ] TODO purge sessions of this node
[2021-03-18T00:41:12.438958] [smf] [smf_n4 ] [info ] handle_receive(36 bytes)
[2021-03-18T00:41:12.439000] [smf] [smf_n4 ] [info ] Received N4 ASSOCIATION SETUP RESPONSE from an UPF
[2021-03-18T00:41:12.439009] [smf] [smf_n4 ] [info ] Received N4 ASSOCIATION SETUP RESPONSE
[2021-03-18T00:41:13.117784] [smf] [smf_n4 ] [info ] TIME-OUT event timer id 2
[2021-03-18T00:41:13.118260] [smf] [smf_n4 ] [info ] handle_receive(16 bytes)
[2021-03-18T00:41:17.438883] [smf] [smf_n4 ] [info ] TIME-OUT event timer id 6
[2021-03-18T00:41:18.118710] [smf] [smf_n4 ] [info ] handle_receive(16 bytes)
[2021-03-18T00:41:18.130501] [smf] [smf_app] [info ] TIME-OUT event timer id 4
[2021-03-18T00:41:23.119111] [smf] [smf_n4 ] [info ] handle_receive(16 bytes)
[2021-03-18T00:41:28.119526] [smf] [smf_n4 ] [info ] handle_receive(16 bytes)
[2021-03-18T00:41:28.130669] [smf] [smf_app] [info ] TIME-OUT event timer id 9
[2021-03-18T00:41:33.119875] [smf] [smf_n4 ] [info ] handle_receive(16 bytes)
[2021-03-18T00:41:38.120237] [smf] [smf_n4 ] [info ] handle_receive(16 bytes)
[2021-03-18T00:41:38.130841] [smf] [smf_app] [info ] TIME-OUT event timer id 12
[2021-03-18T00:41:43.120606] [smf] [smf_n4 ] [info ] handle_receive(16 bytes)
[2021-03-18T00:41:48.120956] [smf] [smf_n4 ] [info ] handle_receive(16 bytes)
[2021-03-18T00:41:48.131015] [smf] [smf_app] [info ] TIME-OUT event timer id 15
[2021-03-18T00:41:53.121309] [smf] [smf_n4 ] [info ] handle_receive(16 bytes)
[2021-03-18T00:41:58.121701] [smf] [smf_n4 ] [info ] handle_receive(16 bytes)
[2021-03-18T00:41:58.131181] [smf] [smf_app] [info ] TIME-OUT event timer id 18
[2021-03-18T00:42:03.122089] [smf] [smf_n4 ] [info ] handle_receive(16 bytes)
[2021-03-18T00:42:08.122472] [smf] [smf_n4 ] [info ] handle_receive(16 bytes)
[2021-03-18T00:42:08.131361] [smf] [smf_app] [info ] TIME-OUT event timer id 21
[2021-03-18T00:42:13.122934] [smf] [smf_n4 ] [info ] handle_receive(16 bytes)
[2021-03-18T00:42:18.123309] [smf] [smf_n4 ] [info ] handle_receive(16 bytes)
[2021-03-18T00:42:18.131527] [smf] [smf_app] [info ] TIME-OUT event timer id 24
[2021-03-18T00:42:18.862567] [smf] [sbi_srv] [info ] Received a SM context create request from AMF.
[2021-03-18T00:42:18.862719] [smf] [sbi_srv] [info ] PDU Session Create SM Context Request.
[2021-03-18T00:42:18.862760] [smf] [smf_app] [warn ] No SelMode available
[2021-03-18T00:42:18.862810] [smf] [smf_app] [info ] Handle a PDU Session Create SM Context Request from an AMF (HTTP version 1)
[2021-03-18T00:42:18.862820] [smf] [smf_n1 ] [info ] Decode NAS message from N1 SM Container.
[2021-03-18T00:42:18.862881] [smf] [smf_app] [info ] Handle a PDU Session Create SM Context Request message from AMF, SUPI 208950000000031, SNSSAI SST 222, SD 123
[2021-03-18T00:42:18.862911] [smf] [smf_app] [info ] Inserted DNN Subscription, key: 222
[2021-03-18T00:42:18.862919] [smf] [smf_app] [info ] Handle a PDU Session Create SM Context Request message from AMF (HTTP version 1)
[2021-03-18T00:42:18.862930] [smf] [smf_app] [info ] Find a DNN Subscription with key: 222, map size 1
[2021-03-18T00:42:18.862938] [smf] [smf_app] [info ] Find DNN configuration with DNN default
[2021-03-18T00:42:18.862946] [smf] [smf_app] [info ] PAA, Ipv4 Address: 12.1.1.2
[2021-03-18T00:42:18.862977] [smf] [smf_app] [info ] Create a procedure to process this message.
[2021-03-18T00:42:18.862990] [smf] [smf_app] [info ] Perform a procedure - Create SM Context Request
[2021-03-18T00:42:18.862997] [smf] [smf_app] [info ] Could not found UPF profile, select the first available UPF
[2021-03-18T00:42:18.863009] [smf] [smf_app] [info ] Get default QoS for a PDU Session, key 222
[2021-03-18T00:42:18.863016] [smf] [smf_app] [info ] Find a DNN Subscription with key: 222, map size 1
[2021-03-18T00:42:18.863019] [smf] [smf_app] [info ] Find DNN configuration with DNN default
[2021-03-18T00:42:18.863023] [smf] [smf_app] [info ] Default qfi 6
[2021-03-18T00:42:18.863031] [smf] [smf_app] [info ] Get default QoS rule for a PDU Session (PDU session type 1)
[2021-03-18T00:42:18.863038] [smf] [smf_app] [info ] Add QoS Rule with Rule Id 1
[2021-03-18T00:42:18.863045] [smf] [smf_app] [info ] Sending ITTI message 37itti_n4_session_establishment_request to task TASK_SMF_N4
[2021-03-18T00:42:18.863519] [smf] [smf_n4 ] [info ] handle_receive(70 bytes)
[2021-03-18T00:42:18.863590] [smf] [smf_app] [info ] Handle N4 Session Establishment Response (PDU Session Id 1)
[2021-03-18T00:42:18.863612] [smf] [smf_app] [info ] Get default QoS Rule this PDU Session (ID 1)
[2021-03-18T00:42:18.863627] [smf] [smf_n1 ] [info ] Create N1 SM Container, PDU Session Establishment Accept
[2021-03-18T00:42:18.863635] [smf] [smf_n1 ] [info ] PDU_SESSION_ESTABLISHMENT_ACCEPT, encode starting...
[2021-03-18T00:42:18.863645] [smf] [smf_app] [info ] Find a DNN Subscription with key: 222, map size 1
[2021-03-18T00:42:18.863649] [smf] [smf_app] [info ] Find DNN configuration with DNN default
[2021-03-18T00:42:18.863673] [smf] [smf_app] [info ] Get default QoS Flow Description (PDU session type 1)
[2021-03-18T00:42:18.863680] [smf] [smf_n1 ] [info ] Encode PDU Session Establishment Accept
[2021-03-18T00:42:18.863725] [smf] [smf_n2 ] [info ] Create N2 SM Information, PDU Session Resource Setup Request Transfer
[2021-03-18T00:42:18.863732] [smf] [smf_n2 ] [info ] QoS parameters: QFI 6, Priority level 1, ARP priority level 1
[2021-03-18T00:42:18.863749] [smf] [smf_app] [info ] Find a DNN Subscription with key: 222, map size 1
[2021-03-18T00:42:18.863754] [smf] [smf_app] [info ] Find DNN configuration with DNN default
[2021-03-18T00:42:18.863765] [smf] [smf_n2 ] [info ] QoS parameters: QFI 6, ARP priority level 1, qos_flow.qos_profile.arp.preempt_cap NOT_PREEMPT, qos_flow.qos_profile.arp.preempt_vuln NOT_PREEMPTABLE
[2021-03-18T00:42:18.863878] [smf] [smf_app] [info ] Sending ITTI message N11_SESSION_CREATE_SM_CONTEXT_RESPONSE to task TASK_SMF_APP
[2021-03-18T00:42:18.865792] [smf] [smf_sbi] [warn ] Could not get the cause from the response
[2021-03-18T00:42:18.865837] [smf] [smf_app] [info ] Process N1N2MessageTransfer Response
[2021-03-18T00:42:18.865848] [smf] [smf_app] [info ] PDU_SESSION_ESTABLISHMENT_UE_REQUESTED
[2021-03-18T00:42:18.865853] [smf] [smf_app] [info ] Update PDU Session Status
[2021-03-18T00:42:18.865863] [smf] [smf_app] [info ] Set PDU Session Status to PDU_SESSION_ESTABLISHMENT_PENDING
[2021-03-18T00:42:18.865872] [smf] [smf_app] [info ] Set PDU Session Status to PDU_SESSION_ESTABLISHMENT_PENDING
[2021-03-18T00:42:18.865875] [smf] [smf_app] [info ] Update UpCnx_State
[2021-03-18T00:42:18.865880] [smf] [smf_app] [info ] Set upCnxState to UPCNX_STATE_ACTIVATING
[2021-03-18T00:42:18.865884] [smf] [smf_app] [info ] Set PDU Session UpCnxState to UPCNX_STATE_ACTIVATING
[2021-03-18T00:42:18.867902] [smf] [sbi_srv] [info ] Received a SM context update request from AMF.
[2021-03-18T00:42:18.867960] [smf] [sbi_srv] [info ] Received a PDUSession_UpdateSMContext Request from AMF.
[2021-03-18T00:42:18.867988] [smf] [smf_app] [info ] Handle a PDU Session Update SM Context Request from an AMF (HTTP version 1)
[2021-03-18T00:42:18.868000] [smf] [smf_app] [info ] Handle a PDU Session Update SM Context Request message from an AMF (HTTP version 1)
[2021-03-18T00:42:18.868009] [smf] [smf_app] [info ] PDU Session Resource Setup Response Transfer
[2021-03-18T00:42:18.868013] [smf] [smf_n2 ] [info ] Decode NGAP message (PDUSessionResourceSetupResponseTransfer) from N2 SM Information
[2021-03-18T00:42:18.868058] [smf] [smf_app] [info ] PDU Session Establishment Request, processing N2 SM Information
[2021-03-18T00:42:18.868065] [smf] [smf_app] [info ] Perform a procedure - Update SM Context Request
[2021-03-18T00:42:18.868083] [smf] [smf_app] [info ] Sending ITTI message 36itti_n4_session_modification_request to task TASK_SMF_N4
[2021-03-18T00:42:18.868360] [smf] [smf_n4 ] [info ] handle_receive(31 bytes)
[2021-03-18T00:42:18.868404] [smf] [smf_app] [info ] Handle N4 Session Modification Response (PDU Session Id 1)
[2021-03-18T00:42:18.868436] [smf] [smf_app] [info ] PDU Session Establishment Request (UE-Initiated)
[2021-03-18T00:42:18.868444] [smf] [smf_app] [info ] Set PDU Session Status to PDU_SESSION_ACTIVE
[2021-03-18T00:42:18.868447] [smf] [smf_app] [info ] Set upCnxState to UPCNX_STATE_ACTIVATED
[2021-03-18T00:42:18.868451] [smf] [smf_app] [info ] Sending ITTI message N11_SESSION_UPDATE_SM_CONTEXT_RESPONSE to task TASK_SMF_APP
[2021-03-18T00:42:18.868470] [smf] [smf_app] [info ] Handle N4 Session Modification Response with SMF context 
SMF CONTEXT:
	SUPI:				208950000000031
DNN CONTEXT:
	In use:				1
	DNN:				default
PDN CONNECTION:
	PDN type:			IPV4
	PAA IPv4:			12.1.1.2
	Default QFI:			6
	SEID:				2
Default QoS Flow:
	QFI:				6
	UL FTEID:		TEID=1, IPv4=192.168.70.134
	DL FTEID:		TEID=1, IPv4=192.168.18.184
	PDR ID UL:			1
	PDR ID DL:			2
	Precedence:			0
	FAR ID UL:			1
	FAR ID DL:			2

[2021-03-18T00:42:23.123688] [smf] [smf_n4 ] [info ] handle_receive(16 bytes)
[2021-03-18T00:42:23.863305] [smf] [smf_n4 ] [info ] TIME-OUT event timer id 29
[2021-03-18T00:42:23.868270] [smf] [smf_n4 ] [info ] TIME-OUT event timer id 31
[2021-03-18T00:42:28.124070] [smf] [smf_n4 ] [info ] handle_receive(16 bytes)
[2021-03-18T00:42:28.131689] [smf] [smf_app] [info ] TIME-OUT event timer id 27
[2021-03-18T00:42:33.124434] [smf] [smf_n4 ] [info ] handle_receive(16 bytes)
[2021-03-18T00:42:38.124770] [smf] [smf_n4 ] [info ] handle_receive(16 bytes)
[2021-03-18T00:42:38.131847] [smf] [smf_app] [info ] TIME-OUT event timer id 34
[2021-03-18T00:42:43.125121] [smf] [smf_n4 ] [info ] handle_receive(16 bytes)
[2021-03-18T00:42:48.125539] [smf] [smf_n4 ] [info ] handle_receive(16 bytes)
[2021-03-18T00:42:48.132066] [smf] [smf_app] [info ] TIME-OUT event timer id 37
[2021-03-18T00:42:48.870216] [smf] [sbi_srv] [info ] Received a SM context update request from AMF.
[2021-03-18T00:42:48.870305] [smf] [sbi_srv] [info ] Received a PDUSession_UpdateSMContext Request from AMF.
[2021-03-18T00:42:48.870338] [smf] [smf_app] [info ] Handle a PDU Session Update SM Context Request from an AMF (HTTP version 1)
[2021-03-18T00:42:48.870356] [smf] [smf_app] [info ] Handle a PDU Session Update SM Context Request message from an AMF (HTTP version 1)
[2021-03-18T00:42:48.870368] [smf] [smf_n1 ] [info ] Decode NAS message from N1 SM Container.
[2021-03-18T00:42:48.870385] [smf] [smf_app] [info ] PDU Session Release (UE-Initiated), processing N1 SM Information
[2021-03-18T00:42:48.870394] [smf] [smf_app] [info ] PTI 2
[2021-03-18T00:42:48.870403] [smf] [smf_app] [info ] Perform a procedure - Update SM Context Request
[2021-03-18T00:42:48.870432] [smf] [smf_app] [info ] Sending ITTI message 36itti_n4_session_modification_request to task TASK_SMF_N4
[2021-03-18T00:42:48.870902] [smf] [smf_n4 ] [info ] handle_receive(21 bytes)
[2021-03-18T00:42:48.870981] [smf] [smf_app] [info ] Handle N4 Session Modification Response (PDU Session Id 1)
[2021-03-18T00:42:48.870992] [smf] [smf_app] [info ] PDU Session Update SM Context (PDU Session Release) accepted by UPF
[2021-03-18T00:42:48.870998] [smf] [smf_app] [info ] Resources associated with this QoS Flow (6) have been released
[2021-03-18T00:42:48.871005] [smf] [smf_app] [info ] Resources associated with this PDU Session have been released
[2021-03-18T00:42:48.871020] [smf] [smf_app] [info ] PDU Session Release UE-initiated (Step 1))
[2021-03-18T00:42:48.871028] [smf] [smf_n1 ] [info ] Create N1 SM Container, PDU Session Release Command (pdu_session_update_sm_context_response)
[2021-03-18T00:42:48.871034] [smf] [smf_n1 ] [info ] PDU_SESSION_RELEASE_COMMAND, encode starting...
[2021-03-18T00:42:48.871067] [smf] [smf_app] [info ] Set PDU Session Status to PDU_SESSION_INACTIVE_PENDING
[2021-03-18T00:42:48.871075] [smf] [smf_app] [info ] Set upCnxState to UPCNX_STATE_DEACTIVATED
[2021-03-18T00:42:48.871084] [smf] [smf_app] [info ] Sending ITTI message N11_SESSION_UPDATE_SM_CONTEXT_RESPONSE to task TASK_SMF_APP
[2021-03-18T00:42:48.871101] [smf] [smf_app] [info ] Handle N4 Session Modification Response with SMF context 
SMF CONTEXT:
	SUPI:				208950000000031
DNN CONTEXT:
	In use:				1
	DNN:				default
PDN CONNECTION:
	PDN type:			IPV4
	Default QFI:			No QFI available
	SEID:				0

[2021-03-18T00:42:49.375093] [smf] [smf_n4 ] [info ] handle_receive(31 bytes)
[2021-03-18T00:42:53.125905] [smf] [smf_n4 ] [info ] handle_receive(16 bytes)
[2021-03-18T00:42:53.870604] [smf] [smf_n4 ] [info ] TIME-OUT event timer id 42
[2021-03-18T00:42:54.375226] [smf] [smf_n4 ] [info ] TIME-OUT event timer id 44
[2021-03-18T00:42:58.126308] [smf] [smf_n4 ] [info ] handle_receive(16 bytes)
[2021-03-18T00:42:58.132304] [smf] [smf_app] [info ] TIME-OUT event timer id 40
[2021-03-18T00:43:03.126720] [smf] [smf_n4 ] [info ] handle_receive(16 bytes)
[2021-03-18T00:43:04.871280] [smf] [smf_app] [info ] TIME-OUT event timer id 43
[2021-03-18T00:43:08.127147] [smf] [smf_n4 ] [info ] handle_receive(16 bytes)
[2021-03-18T00:43:08.132481] [smf] [smf_app] [info ] TIME-OUT event timer id 47
[2021-03-18T00:43:13.127548] [smf] [smf_n4 ] [info ] handle_receive(16 bytes)
[2021-03-18T00:43:18.127901] [smf] [smf_n4 ] [info ] handle_receive(16 bytes)
[2021-03-18T00:43:18.132648] [smf] [smf_app] [info ] TIME-OUT event timer id 50
[2021-03-18T00:43:23.128227] [smf] [smf_n4 ] [info ] handle_receive(16 bytes)
