[2021-03-17T23:41:06.416645] [spgwu] [spgwu_app] [start] Options parsed
[2021-03-17T23:41:06.416957] [spgwu] [spgwu_app] [info ] SettingNotFoundException : SPGW-U.ITTI_TASKS, using defaults
[2021-03-17T23:41:06.417087] [spgwu] [spgwu_app] [info ] SettingNotFoundException : SPGW-U.INTERFACES.S1U_S12_S4_UP.SCHED_PARAMS, using defaults
[2021-03-17T23:41:06.417149] [spgwu] [spgwu_app] [info ] SettingNotFoundException : SPGW-U.INTERFACES.SX.SCHED_PARAMS, using defaults
[2021-03-17T23:41:06.417198] [spgwu] [spgwu_app] [info ] SettingNotFoundException : SPGW-U.INTERFACES.SGI.SCHED_PARAMS, using defaults
[2021-03-17T23:41:06.417273] [spgwu] [spgwu_app] [info ] ==== EURECOM SPGW-U vBranch: gtp_extension_header Abrev. Hash: f13f4a5 Date: Tue Feb 23 20:03:58 2021 +0000 ====
[2021-03-17T23:41:06.417280] [spgwu] [spgwu_app] [info ] Configuration:
[2021-03-17T23:41:06.417283] [spgwu] [spgwu_app] [info ] - Instance ..............: 0
[2021-03-17T23:41:06.417286] [spgwu] [spgwu_app] [info ] - PID dir ...............: /var/run
[2021-03-17T23:41:06.417288] [spgwu] [spgwu_app] [info ] - ITTI tasks:
[2021-03-17T23:41:06.417291] [spgwu] [spgwu_app] [info ]     ITTI Timer task:
[2021-03-17T23:41:06.417292] [spgwu] [spgwu_app] [info ]       CPU ID .........: 0
[2021-03-17T23:41:06.417295] [spgwu] [spgwu_app] [info ]       sched policy....: 1
[2021-03-17T23:41:06.417297] [spgwu] [spgwu_app] [info ]       sched priority..: 85
[2021-03-17T23:41:06.417299] [spgwu] [spgwu_app] [info ]     SPGWU-S1U task:
[2021-03-17T23:41:06.417301] [spgwu] [spgwu_app] [info ]       CPU ID .........: 0
[2021-03-17T23:41:06.417302] [spgwu] [spgwu_app] [info ]       sched policy....: 1
[2021-03-17T23:41:06.417305] [spgwu] [spgwu_app] [info ]       sched priority..: 84
[2021-03-17T23:41:06.417306] [spgwu] [spgwu_app] [info ]     SPGWU-SX task:
[2021-03-17T23:41:06.417308] [spgwu] [spgwu_app] [info ]       CPU ID .........: 0
[2021-03-17T23:41:06.417310] [spgwu] [spgwu_app] [info ]       sched policy....: 1
[2021-03-17T23:41:06.417312] [spgwu] [spgwu_app] [info ]       sched priority..: 84
[2021-03-17T23:41:06.417314] [spgwu] [spgwu_app] [info ]     SPGWU_APP task:
[2021-03-17T23:41:06.417316] [spgwu] [spgwu_app] [info ]       CPU ID .........: 0
[2021-03-17T23:41:06.417318] [spgwu] [spgwu_app] [info ]       sched policy....: 1
[2021-03-17T23:41:06.417320] [spgwu] [spgwu_app] [info ]       sched priority..: 84
[2021-03-17T23:41:06.417322] [spgwu] [spgwu_app] [info ]     ASYNC_SHELL_CMD task:
[2021-03-17T23:41:06.417324] [spgwu] [spgwu_app] [info ]       CPU ID .........: 0
[2021-03-17T23:41:06.417326] [spgwu] [spgwu_app] [info ]       sched policy....: 1
[2021-03-17T23:41:06.417328] [spgwu] [spgwu_app] [info ]       sched priority..: 84
[2021-03-17T23:41:06.417330] [spgwu] [spgwu_app] [info ] - S1u_S12_S4:
[2021-03-17T23:41:06.417332] [spgwu] [spgwu_app] [info ]     iface ............: eth0
[2021-03-17T23:41:06.417335] [spgwu] [spgwu_app] [info ]     ipv4.addr ........: 192.168.70.134
[2021-03-17T23:41:06.417338] [spgwu] [spgwu_app] [info ]     ipv4.mask ........: 255.255.255.192
[2021-03-17T23:41:06.417340] [spgwu] [spgwu_app] [info ]     mtu ..............: 1500
[2021-03-17T23:41:06.417342] [spgwu] [spgwu_app] [info ]     port .............: 2152
[2021-03-17T23:41:06.417344] [spgwu] [spgwu_app] [info ]     Reader thread:
[2021-03-17T23:41:06.417346] [spgwu] [spgwu_app] [info ]       CPU ID .........: 0
[2021-03-17T23:41:06.417348] [spgwu] [spgwu_app] [info ]       sched policy....: 1
[2021-03-17T23:41:06.417351] [spgwu] [spgwu_app] [info ]       sched priority..: 98
[2021-03-17T23:41:06.417352] [spgwu] [spgwu_app] [info ] - SXA-SXB:
[2021-03-17T23:41:06.417354] [spgwu] [spgwu_app] [info ]     iface ............: eth0
[2021-03-17T23:41:06.417357] [spgwu] [spgwu_app] [info ]     ipv4.addr ........: 192.168.70.134
[2021-03-17T23:41:06.417359] [spgwu] [spgwu_app] [info ]     ipv4.mask ........: 255.255.255.192
[2021-03-17T23:41:06.417361] [spgwu] [spgwu_app] [info ]     mtu ..............: 1500
[2021-03-17T23:41:06.417363] [spgwu] [spgwu_app] [info ]     port .............: 8805
[2021-03-17T23:41:06.417365] [spgwu] [spgwu_app] [info ]     Reader thread:
[2021-03-17T23:41:06.417367] [spgwu] [spgwu_app] [info ]       CPU ID .........: 0 (TODO)
[2021-03-17T23:41:06.417369] [spgwu] [spgwu_app] [info ]       sched policy....: 1 (TODO)
[2021-03-17T23:41:06.417371] [spgwu] [spgwu_app] [info ]       sched priority..: 95 (TODO)
[2021-03-17T23:41:06.417373] [spgwu] [spgwu_app] [info ] - SGi:
[2021-03-17T23:41:06.417376] [spgwu] [spgwu_app] [info ]     iface ............: eth0
[2021-03-17T23:41:06.417378] [spgwu] [spgwu_app] [info ]     ipv4.addr ........: 192.168.70.134
[2021-03-17T23:41:06.417380] [spgwu] [spgwu_app] [info ]     ipv4.mask ........: 255.255.255.192
[2021-03-17T23:41:06.417382] [spgwu] [spgwu_app] [info ]     mtu ..............: 1500
[2021-03-17T23:41:06.417384] [spgwu] [spgwu_app] [info ]     gateway ..........: 
[2021-03-17T23:41:06.417386] [spgwu] [spgwu_app] [info ]     Reader thread:
[2021-03-17T23:41:06.417389] [spgwu] [spgwu_app] [info ]       CPU ID .........: 0
[2021-03-17T23:41:06.417391] [spgwu] [spgwu_app] [info ]       sched policy....: 1
[2021-03-17T23:41:06.417393] [spgwu] [spgwu_app] [info ]       sched priority..: 98
[2021-03-17T23:41:06.417395] [spgwu] [spgwu_app] [info ] - PDN networks:
[2021-03-17T23:41:06.417398] [spgwu] [spgwu_app] [info ]     PDN 1 ............: snat no
[2021-03-17T23:41:06.417401] [spgwu] [spgwu_app] [info ]        NW .............: 12.1.1.0/24
[2021-03-17T23:41:06.417404] [spgwu] [itti     ] [start] Starting...
[2021-03-17T23:41:06.417471] [spgwu] [itti     ] [start] Started
[2021-03-17T23:41:06.417478] [spgwu] [async_c  ] [start] Starting...
[2021-03-17T23:41:06.417494] [spgwu] [itti     ] [info ] Starting timer_manager_task
[2021-03-17T23:41:06.418604] [spgwu] [async_c  ] [start] Started
[2021-03-17T23:41:06.418613] [spgwu] [spgwu_app] [start] Starting...
[2021-03-17T23:41:06.419756] [spgwu] [pfcp     ] [info ] pfcp_l4_stack created listening to 192.168.70.134:8805
[2021-03-17T23:41:06.419861] [spgwu] [spgwu_sx ] [start] Starting...
[2021-03-17T23:41:06.421167] [spgwu] [spgwu_sx ] [start] Started
[2021-03-17T23:41:06.421199] [spgwu] [gtpv1_u  ] [info ] gtpu_l4_stack created listening to 192.168.70.134:2152
[2021-03-17T23:41:06.421259] [spgwu] [spgwu_s1u] [start] Starting...
[2021-03-17T23:41:06.422382] [spgwu] [spgwu_s1u] [start] Started
[2021-03-17T23:41:07.421212] [spgwu] [spgwu_sx ] [info ] TIME-OUT event timer id 1
[2021-03-17T23:41:08.117760] [spgwu] [spgwu_sx ] [info ] handle_receive(30 bytes)
[2021-03-17T23:41:08.117828] [spgwu] [spgwu_sx ] [info ] Handle SX ASSOCIATION SETUP REQUEST
[2021-03-17T23:41:11.421192] [spgwu] [spgwu_sx ] [info ] TIME-OUT event timer id 2
Actual changes:
tx-checksumming: off
	tx-checksum-ip-generic: off
tcp-segmentation-offload: off
	tx-tcp-segmentation: off [requested on]
	tx-tcp-ecn-segmentation: off [requested on]
	tx-tcp-mangleid-segmentation: off [requested on]
	tx-tcp6-segmentation: off [requested on]
net.ipv4.conf.all.forwarding = 1
net.ipv4.conf.all.send_redirects = 0
net.ipv4.conf.default.send_redirects = 0
net.ipv4.conf.all.accept_redirects = 0
net.ipv4.conf.default.accept_redirects = 0
net.ipv4.conf.pdn.send_redirects = 0
net.ipv4.conf.pdn.accept_redirects = 0
[2021-03-17T23:41:12.435003] [spgwu] [spgwu_app] [start] Starting...
[2021-03-17T23:41:12.438817] [spgwu] [spgwu_sx ] [info ] handle_receive(30 bytes)
[2021-03-17T23:41:12.438857] [spgwu] [spgwu_sx ] [info ] Handle SX ASSOCIATION SETUP REQUEST
[2021-03-17T23:41:12.439254] [spgwu] [spgwu_app] [start] Started
[2021-03-17T23:41:12.439272] [spgwu] [spgwu_app] [start] Started
[2021-03-17T23:41:13.118046] [spgwu] [spgwu_sx ] [info ] TIME-OUT event timer id 4
[2021-03-17T23:41:13.118080] [spgwu] [spgwu_sx ] [info ] PFCP HEARTBEAT PROCEDURE hash 2236000448 starting
[2021-03-17T23:41:13.118394] [spgwu] [spgwu_sx ] [info ] handle_receive(16 bytes)
[2021-03-17T23:41:13.118456] [spgwu] [spgwu_sx ] [info ] Received SX HEARTBEAT RESPONSE
[2021-03-17T23:41:18.118266] [spgwu] [spgwu_sx ] [info ] TIME-OUT event timer id 9
[2021-03-17T23:41:18.118529] [spgwu] [spgwu_sx ] [info ] TIME-OUT event timer id 10
[2021-03-17T23:41:18.118539] [spgwu] [spgwu_sx ] [info ] PFCP HEARTBEAT PROCEDURE hash 2236000448 starting
[2021-03-17T23:41:18.118853] [spgwu] [spgwu_sx ] [info ] handle_receive(16 bytes)
[2021-03-17T23:41:18.118877] [spgwu] [spgwu_sx ] [info ] Received SX HEARTBEAT RESPONSE
[2021-03-17T23:41:22.439384] [spgwu] [spgwu_app] [info ] TIME-OUT event timer id 6
[2021-03-17T23:41:23.118700] [spgwu] [spgwu_sx ] [info ] TIME-OUT event timer id 13
[2021-03-17T23:41:23.118946] [spgwu] [spgwu_sx ] [info ] TIME-OUT event timer id 14
[2021-03-17T23:41:23.118957] [spgwu] [spgwu_sx ] [info ] PFCP HEARTBEAT PROCEDURE hash 2236000448 starting
[2021-03-17T23:41:23.119224] [spgwu] [spgwu_sx ] [info ] handle_receive(16 bytes)
[2021-03-17T23:41:23.119247] [spgwu] [spgwu_sx ] [info ] Received SX HEARTBEAT RESPONSE
[2021-03-17T23:41:28.119135] [spgwu] [spgwu_sx ] [info ] TIME-OUT event timer id 18
[2021-03-17T23:41:28.119342] [spgwu] [spgwu_sx ] [info ] TIME-OUT event timer id 19
[2021-03-17T23:41:28.119353] [spgwu] [spgwu_sx ] [info ] PFCP HEARTBEAT PROCEDURE hash 2236000448 starting
[2021-03-17T23:41:28.119635] [spgwu] [spgwu_sx ] [info ] handle_receive(16 bytes)
[2021-03-17T23:41:28.119658] [spgwu] [spgwu_sx ] [info ] Received SX HEARTBEAT RESPONSE
[2021-03-17T23:41:32.439570] [spgwu] [spgwu_app] [info ] TIME-OUT event timer id 15
[2021-03-17T23:41:33.119534] [spgwu] [spgwu_sx ] [info ] TIME-OUT event timer id 22
[2021-03-17T23:41:33.119725] [spgwu] [spgwu_sx ] [info ] TIME-OUT event timer id 23
[2021-03-17T23:41:33.119731] [spgwu] [spgwu_sx ] [info ] PFCP HEARTBEAT PROCEDURE hash 2236000448 starting
[2021-03-17T23:41:33.119981] [spgwu] [spgwu_sx ] [info ] handle_receive(16 bytes)
[2021-03-17T23:41:33.120002] [spgwu] [spgwu_sx ] [info ] Received SX HEARTBEAT RESPONSE
[2021-03-17T23:41:38.119885] [spgwu] [spgwu_sx ] [info ] TIME-OUT event timer id 27
[2021-03-17T23:41:38.120090] [spgwu] [spgwu_sx ] [info ] TIME-OUT event timer id 28
[2021-03-17T23:41:38.120096] [spgwu] [spgwu_sx ] [info ] PFCP HEARTBEAT PROCEDURE hash 2236000448 starting
[2021-03-17T23:41:38.120343] [spgwu] [spgwu_sx ] [info ] handle_receive(16 bytes)
[2021-03-17T23:41:38.120366] [spgwu] [spgwu_sx ] [info ] Received SX HEARTBEAT RESPONSE
[2021-03-17T23:41:42.439741] [spgwu] [spgwu_app] [info ] TIME-OUT event timer id 24
[2021-03-17T23:41:43.120274] [spgwu] [spgwu_sx ] [info ] TIME-OUT event timer id 31
[2021-03-17T23:41:43.120446] [spgwu] [spgwu_sx ] [info ] TIME-OUT event timer id 32
[2021-03-17T23:41:43.120452] [spgwu] [spgwu_sx ] [info ] PFCP HEARTBEAT PROCEDURE hash 2236000448 starting
[2021-03-17T23:41:43.120712] [spgwu] [spgwu_sx ] [info ] handle_receive(16 bytes)
[2021-03-17T23:41:43.120734] [spgwu] [spgwu_sx ] [info ] Received SX HEARTBEAT RESPONSE
[2021-03-17T23:41:48.120622] [spgwu] [spgwu_sx ] [info ] TIME-OUT event timer id 36
[2021-03-17T23:41:48.120800] [spgwu] [spgwu_sx ] [info ] TIME-OUT event timer id 37
[2021-03-17T23:41:48.120806] [spgwu] [spgwu_sx ] [info ] PFCP HEARTBEAT PROCEDURE hash 2236000448 starting
[2021-03-17T23:41:48.121063] [spgwu] [spgwu_sx ] [info ] handle_receive(16 bytes)
[2021-03-17T23:41:48.121091] [spgwu] [spgwu_sx ] [info ] Received SX HEARTBEAT RESPONSE
[2021-03-17T23:41:52.439931] [spgwu] [spgwu_app] [info ] TIME-OUT event timer id 33
[2021-03-17T23:41:53.120967] [spgwu] [spgwu_sx ] [info ] TIME-OUT event timer id 40
[2021-03-17T23:41:53.121157] [spgwu] [spgwu_sx ] [info ] TIME-OUT event timer id 41
[2021-03-17T23:41:53.121163] [spgwu] [spgwu_sx ] [info ] PFCP HEARTBEAT PROCEDURE hash 2236000448 starting
[2021-03-17T23:41:53.121420] [spgwu] [spgwu_sx ] [info ] handle_receive(16 bytes)
[2021-03-17T23:41:53.121442] [spgwu] [spgwu_sx ] [info ] Received SX HEARTBEAT RESPONSE
[2021-03-17T23:41:58.121355] [spgwu] [spgwu_sx ] [info ] TIME-OUT event timer id 45
[2021-03-17T23:41:58.121533] [spgwu] [spgwu_sx ] [info ] TIME-OUT event timer id 46
[2021-03-17T23:41:58.121543] [spgwu] [spgwu_sx ] [info ] PFCP HEARTBEAT PROCEDURE hash 2236000448 starting
[2021-03-17T23:41:58.121817] [spgwu] [spgwu_sx ] [info ] handle_receive(16 bytes)
[2021-03-17T23:41:58.121844] [spgwu] [spgwu_sx ] [info ] Received SX HEARTBEAT RESPONSE
[2021-03-17T23:42:02.440135] [spgwu] [spgwu_app] [info ] TIME-OUT event timer id 42
[2021-03-17T23:42:03.121724] [spgwu] [spgwu_sx ] [info ] TIME-OUT event timer id 49
[2021-03-17T23:42:03.121915] [spgwu] [spgwu_sx ] [info ] TIME-OUT event timer id 50
[2021-03-17T23:42:03.121925] [spgwu] [spgwu_sx ] [info ] PFCP HEARTBEAT PROCEDURE hash 2236000448 starting
[2021-03-17T23:42:03.122207] [spgwu] [spgwu_sx ] [info ] handle_receive(16 bytes)
[2021-03-17T23:42:03.122233] [spgwu] [spgwu_sx ] [info ] Received SX HEARTBEAT RESPONSE
[2021-03-17T23:42:08.122111] [spgwu] [spgwu_sx ] [info ] TIME-OUT event timer id 54
[2021-03-17T23:42:08.122306] [spgwu] [spgwu_sx ] [info ] TIME-OUT event timer id 55
[2021-03-17T23:42:08.122316] [spgwu] [spgwu_sx ] [info ] PFCP HEARTBEAT PROCEDURE hash 2236000448 starting
[2021-03-17T23:42:08.122583] [spgwu] [spgwu_sx ] [info ] handle_receive(16 bytes)
[2021-03-17T23:42:08.122609] [spgwu] [spgwu_sx ] [info ] Received SX HEARTBEAT RESPONSE
[2021-03-17T23:42:12.440334] [spgwu] [spgwu_app] [info ] TIME-OUT event timer id 51
[2021-03-17T23:42:13.122492] [spgwu] [spgwu_sx ] [info ] TIME-OUT event timer id 58
[2021-03-17T23:42:13.122679] [spgwu] [spgwu_sx ] [info ] TIME-OUT event timer id 59
[2021-03-17T23:42:13.122689] [spgwu] [spgwu_sx ] [info ] PFCP HEARTBEAT PROCEDURE hash 2236000448 starting
[2021-03-17T23:42:13.123036] [spgwu] [spgwu_sx ] [info ] handle_receive(16 bytes)
[2021-03-17T23:42:13.123062] [spgwu] [spgwu_sx ] [info ] Received SX HEARTBEAT RESPONSE
[2021-03-17T23:42:17.635792] [spgwu] [pfcp_sw  ] [info ] pfcp_session_look_up_pack_in_core UE IP  c010102 not found
[2021-03-17T23:42:18.122910] [spgwu] [spgwu_sx ] [info ] TIME-OUT event timer id 63
[2021-03-17T23:42:18.123147] [spgwu] [spgwu_sx ] [info ] TIME-OUT event timer id 64
[2021-03-17T23:42:18.123153] [spgwu] [spgwu_sx ] [info ] PFCP HEARTBEAT PROCEDURE hash 2236000448 starting
[2021-03-17T23:42:18.123424] [spgwu] [spgwu_sx ] [info ] handle_receive(16 bytes)
[2021-03-17T23:42:18.123450] [spgwu] [spgwu_sx ] [info ] Received SX HEARTBEAT RESPONSE
[2021-03-17T23:42:18.654969] [spgwu] [pfcp_sw  ] [info ] pfcp_session_look_up_pack_in_core UE IP  c010102 not found
[2021-03-17T23:42:18.863223] [spgwu] [spgwu_sx ] [info ] handle_receive(127 bytes)
[2021-03-17T23:42:18.863351] [spgwu] [spgwu_app] [info ] Received SXAB_SESSION_ESTABLISHMENT_REQUEST seid 0x0 
[2021-03-17T23:42:18.863387] [spgwu] [spgwu_sx ] [info ] pfcp_session::add(far) seid 0x1 
[2021-03-17T23:42:18.863412] [spgwu] [spgwu_sx ] [info ] pfcp_session::add(pdr) seid 0x1 
[2021-03-17T23:42:18.868207] [spgwu] [spgwu_sx ] [info ] handle_receive(100 bytes)
[2021-03-17T23:42:18.868266] [spgwu] [spgwu_app] [info ] Received SXAB_SESSION_MODIFICATION_REQUEST seid 0x1 
[2021-03-17T23:42:18.868279] [spgwu] [spgwu_sx ] [info ] pfcp_session::add(far) seid 0x1 
[2021-03-17T23:42:18.868294] [spgwu] [spgwu_sx ] [info ] pfcp_session::add(pdr) seid 0x1 
[2021-03-17T23:42:22.440539] [spgwu] [spgwu_app] [info ] TIME-OUT event timer id 60
[2021-03-17T23:42:23.123335] [spgwu] [spgwu_sx ] [info ] TIME-OUT event timer id 67
[2021-03-17T23:42:23.123518] [spgwu] [spgwu_sx ] [info ] TIME-OUT event timer id 68
[2021-03-17T23:42:23.123525] [spgwu] [spgwu_sx ] [info ] PFCP HEARTBEAT PROCEDURE hash 2236000448 starting
[2021-03-17T23:42:23.123804] [spgwu] [spgwu_sx ] [info ] handle_receive(16 bytes)
[2021-03-17T23:42:23.123827] [spgwu] [spgwu_sx ] [info ] Received SX HEARTBEAT RESPONSE
[2021-03-17T23:42:28.123702] [spgwu] [spgwu_sx ] [info ] TIME-OUT event timer id 74
[2021-03-17T23:42:28.123895] [spgwu] [spgwu_sx ] [info ] TIME-OUT event timer id 75
[2021-03-17T23:42:28.123905] [spgwu] [spgwu_sx ] [info ] PFCP HEARTBEAT PROCEDURE hash 2236000448 starting
[2021-03-17T23:42:28.124196] [spgwu] [spgwu_sx ] [info ] handle_receive(16 bytes)
[2021-03-17T23:42:28.124220] [spgwu] [spgwu_sx ] [info ] Received SX HEARTBEAT RESPONSE
[2021-03-17T23:42:32.440717] [spgwu] [spgwu_app] [info ] TIME-OUT event timer id 71
[2021-03-17T23:42:33.124073] [spgwu] [spgwu_sx ] [info ] TIME-OUT event timer id 78
[2021-03-17T23:42:33.124286] [spgwu] [spgwu_sx ] [info ] TIME-OUT event timer id 79
[2021-03-17T23:42:33.124292] [spgwu] [spgwu_sx ] [info ] PFCP HEARTBEAT PROCEDURE hash 2236000448 starting
[2021-03-17T23:42:33.124544] [spgwu] [spgwu_sx ] [info ] handle_receive(16 bytes)
[2021-03-17T23:42:33.124567] [spgwu] [spgwu_sx ] [info ] Received SX HEARTBEAT RESPONSE
[2021-03-17T23:42:38.124410] [spgwu] [spgwu_sx ] [info ] TIME-OUT event timer id 83
[2021-03-17T23:42:38.124641] [spgwu] [spgwu_sx ] [info ] TIME-OUT event timer id 84
[2021-03-17T23:42:38.124647] [spgwu] [spgwu_sx ] [info ] PFCP HEARTBEAT PROCEDURE hash 2236000448 starting
[2021-03-17T23:42:38.124885] [spgwu] [spgwu_sx ] [info ] handle_receive(16 bytes)
[2021-03-17T23:42:38.124913] [spgwu] [spgwu_sx ] [info ] Received SX HEARTBEAT RESPONSE
[2021-03-17T23:42:42.440887] [spgwu] [spgwu_app] [info ] TIME-OUT event timer id 80
[2021-03-17T23:42:43.124816] [spgwu] [spgwu_sx ] [info ] TIME-OUT event timer id 87
[2021-03-17T23:42:43.124982] [spgwu] [spgwu_sx ] [info ] TIME-OUT event timer id 88
[2021-03-17T23:42:43.124989] [spgwu] [spgwu_sx ] [info ] PFCP HEARTBEAT PROCEDURE hash 2236000448 starting
[2021-03-17T23:42:43.125242] [spgwu] [spgwu_sx ] [info ] handle_receive(16 bytes)
[2021-03-17T23:42:43.125270] [spgwu] [spgwu_sx ] [info ] Received SX HEARTBEAT RESPONSE
[2021-03-17T23:42:48.125197] [spgwu] [spgwu_sx ] [info ] TIME-OUT event timer id 92
[2021-03-17T23:42:48.125391] [spgwu] [spgwu_sx ] [info ] TIME-OUT event timer id 93
[2021-03-17T23:42:48.125408] [spgwu] [spgwu_sx ] [info ] PFCP HEARTBEAT PROCEDURE hash 2236000448 starting
[2021-03-17T23:42:48.125666] [spgwu] [spgwu_sx ] [info ] handle_receive(16 bytes)
[2021-03-17T23:42:48.125696] [spgwu] [spgwu_sx ] [info ] Received SX HEARTBEAT RESPONSE
[2021-03-17T23:42:48.870627] [spgwu] [spgwu_sx ] [info ] handle_receive(50 bytes)
[2021-03-17T23:42:48.870738] [spgwu] [spgwu_app] [info ] Received SXAB_SESSION_MODIFICATION_REQUEST seid 0x1 
[2021-03-17T23:42:50.375176] [spgwu] [spgwu_sx ] [info ] TIME-OUT event timer id 99
[2021-03-17T23:42:52.441130] [spgwu] [spgwu_app] [info ] TIME-OUT event timer id 89
[2021-03-17T23:42:53.125579] [spgwu] [spgwu_sx ] [info ] TIME-OUT event timer id 96
[2021-03-17T23:42:53.125770] [spgwu] [spgwu_sx ] [info ] TIME-OUT event timer id 97
[2021-03-17T23:42:53.125778] [spgwu] [spgwu_sx ] [info ] PFCP HEARTBEAT PROCEDURE hash 2236000448 starting
[2021-03-17T23:42:53.126029] [spgwu] [spgwu_sx ] [info ] handle_receive(16 bytes)
[2021-03-17T23:42:53.126060] [spgwu] [spgwu_sx ] [info ] Received SX HEARTBEAT RESPONSE
[2021-03-17T23:42:54.375149] [spgwu] [spgwu_sx ] [info ] TIME-OUT event timer id 100
[2021-03-17T23:42:58.125994] [spgwu] [spgwu_sx ] [info ] TIME-OUT event timer id 104
[2021-03-17T23:42:58.126136] [spgwu] [spgwu_sx ] [info ] TIME-OUT event timer id 105
[2021-03-17T23:42:58.126147] [spgwu] [spgwu_sx ] [info ] PFCP HEARTBEAT PROCEDURE hash 2236000448 starting
[2021-03-17T23:42:58.126437] [spgwu] [spgwu_sx ] [info ] handle_receive(16 bytes)
[2021-03-17T23:42:58.126465] [spgwu] [spgwu_sx ] [info ] Received SX HEARTBEAT RESPONSE
[2021-03-17T23:43:02.441308] [spgwu] [spgwu_app] [info ] TIME-OUT event timer id 101
[2021-03-17T23:43:03.126357] [spgwu] [spgwu_sx ] [info ] TIME-OUT event timer id 108
[2021-03-17T23:43:03.126568] [spgwu] [spgwu_sx ] [info ] TIME-OUT event timer id 109
[2021-03-17T23:43:03.126584] [spgwu] [spgwu_sx ] [info ] PFCP HEARTBEAT PROCEDURE hash 2236000448 starting
[2021-03-17T23:43:03.126874] [spgwu] [spgwu_sx ] [info ] handle_receive(16 bytes)
[2021-03-17T23:43:03.126903] [spgwu] [spgwu_sx ] [info ] Received SX HEARTBEAT RESPONSE
[2021-03-17T23:43:08.126765] [spgwu] [spgwu_sx ] [info ] TIME-OUT event timer id 113
[2021-03-17T23:43:08.126979] [spgwu] [spgwu_sx ] [info ] TIME-OUT event timer id 114
[2021-03-17T23:43:08.126996] [spgwu] [spgwu_sx ] [info ] PFCP HEARTBEAT PROCEDURE hash 2236000448 starting
[2021-03-17T23:43:08.127284] [spgwu] [spgwu_sx ] [info ] handle_receive(16 bytes)
[2021-03-17T23:43:08.127318] [spgwu] [spgwu_sx ] [info ] Received SX HEARTBEAT RESPONSE
[2021-03-17T23:43:12.441491] [spgwu] [spgwu_app] [info ] TIME-OUT event timer id 110
[2021-03-17T23:43:13.127174] [spgwu] [spgwu_sx ] [info ] TIME-OUT event timer id 117
[2021-03-17T23:43:13.127390] [spgwu] [spgwu_sx ] [info ] TIME-OUT event timer id 118
[2021-03-17T23:43:13.127397] [spgwu] [spgwu_sx ] [info ] PFCP HEARTBEAT PROCEDURE hash 2236000448 starting
[2021-03-17T23:43:13.127667] [spgwu] [spgwu_sx ] [info ] handle_receive(16 bytes)
[2021-03-17T23:43:13.127693] [spgwu] [spgwu_sx ] [info ] Received SX HEARTBEAT RESPONSE
[2021-03-17T23:43:18.127566] [spgwu] [spgwu_sx ] [info ] TIME-OUT event timer id 122
[2021-03-17T23:43:18.127766] [spgwu] [spgwu_sx ] [info ] TIME-OUT event timer id 123
[2021-03-17T23:43:18.127775] [spgwu] [spgwu_sx ] [info ] PFCP HEARTBEAT PROCEDURE hash 2236000448 starting
[2021-03-17T23:43:18.128002] [spgwu] [spgwu_sx ] [info ] handle_receive(16 bytes)
[2021-03-17T23:43:18.128024] [spgwu] [spgwu_sx ] [info ] Received SX HEARTBEAT RESPONSE
[2021-03-17T23:43:22.441722] [spgwu] [spgwu_app] [info ] TIME-OUT event timer id 119
[2021-03-17T23:43:23.127905] [spgwu] [spgwu_sx ] [info ] TIME-OUT event timer id 126
[2021-03-17T23:43:23.128110] [spgwu] [spgwu_sx ] [info ] TIME-OUT event timer id 127
[2021-03-17T23:43:23.128117] [spgwu] [spgwu_sx ] [info ] PFCP HEARTBEAT PROCEDURE hash 2236000448 starting
[2021-03-17T23:43:23.128327] [spgwu] [spgwu_sx ] [info ] handle_receive(16 bytes)
[2021-03-17T23:43:23.128348] [spgwu] [spgwu_sx ] [info ] Received SX HEARTBEAT RESPONSE
[2021-03-17T23:43:28.128281] [spgwu] [spgwu_sx ] [info ] TIME-OUT event timer id 131
[2021-03-17T23:43:28.128429] [spgwu] [spgwu_sx ] [info ] TIME-OUT event timer id 132
[2021-03-17T23:43:28.128435] [spgwu] [spgwu_sx ] [info ] PFCP HEARTBEAT PROCEDURE hash 2236000448 starting
[2021-03-17T23:43:28.128655] [spgwu] [spgwu_sx ] [info ] handle_receive(16 bytes)
[2021-03-17T23:43:28.128677] [spgwu] [spgwu_sx ] [info ] Received SX HEARTBEAT RESPONSE
[2021-03-17T23:43:32.441955] [spgwu] [spgwu_app] [info ] TIME-OUT event timer id 128
[2021-03-17T23:43:33.128650] [spgwu] [spgwu_sx ] [info ] TIME-OUT event timer id 135
[2021-03-17T23:43:33.128850] [spgwu] [spgwu_sx ] [info ] TIME-OUT event timer id 136
[2021-03-17T23:43:33.128865] [spgwu] [spgwu_sx ] [info ] PFCP HEARTBEAT PROCEDURE hash 2236000448 starting
[2021-03-17T23:43:33.129137] [spgwu] [spgwu_sx ] [info ] handle_receive(16 bytes)
[2021-03-17T23:43:33.129164] [spgwu] [spgwu_sx ] [info ] Received SX HEARTBEAT RESPONSE
[2021-03-17T23:43:38.129085] [spgwu] [spgwu_sx ] [info ] TIME-OUT event timer id 140
[2021-03-17T23:43:38.129241] [spgwu] [spgwu_sx ] [info ] TIME-OUT event timer id 141
[2021-03-17T23:43:38.129252] [spgwu] [spgwu_sx ] [info ] PFCP HEARTBEAT PROCEDURE hash 2236000448 starting
[2021-03-17T23:43:38.129546] [spgwu] [spgwu_sx ] [info ] handle_receive(16 bytes)
[2021-03-17T23:43:38.129574] [spgwu] [spgwu_sx ] [info ] Received SX HEARTBEAT RESPONSE
[2021-03-17T23:43:42.442204] [spgwu] [spgwu_app] [info ] TIME-OUT event timer id 137
[2021-03-17T23:43:43.129471] [spgwu] [spgwu_sx ] [info ] TIME-OUT event timer id 144
[2021-03-17T23:43:43.129689] [spgwu] [spgwu_sx ] [info ] TIME-OUT event timer id 145
[2021-03-17T23:43:43.129713] [spgwu] [spgwu_sx ] [info ] PFCP HEARTBEAT PROCEDURE hash 2236000448 starting
[2021-03-17T23:43:43.130006] [spgwu] [spgwu_sx ] [info ] handle_receive(16 bytes)
[2021-03-17T23:43:43.130034] [spgwu] [spgwu_sx ] [info ] Received SX HEARTBEAT RESPONSE
